OPTIONS /articles 204 0 - 0.290 ms
OPTIONS /user/role/expert 204 0 - 0.212 ms
OPTIONS /user/role/user 204 0 - 0.190 ms
OPTIONS /articles/topic/health/page/1 204 0 - 0.202 ms
GET /user/role/expert 200 4379 - 727.197 ms
GET /articles/topic/health/page/1 304 - - 1586.326 ms
GET /user/role/user 200 38166 - 1732.702 ms
GET /articles 304 - - 1745.973 ms
OPTIONS /articles 204 0 - 0.175 ms
OPTIONS /user/role/user 204 0 - 0.248 ms
OPTIONS /user/role/expert 204 0 - 0.207 ms
OPTIONS /articles/topic/health/page/1 204 0 - 0.247 ms
GET /user/role/expert 200 4379 - 1122.018 ms
GET /articles/topic/health/page/1 304 - - 1122.147 ms
GET /articles 304 - - 1514.732 ms
GET /user/role/user 200 38166 - 1692.226 ms
GET /user/role/expert 200 4379 - 746.224 ms
GET /user/role/user 200 38166 - 1119.250 ms
GET /articles/topic/health/page/1 304 - - 1388.370 ms
GET /articles 304 - - 1471.546 ms
OPTIONS /queries/filters 204 0 - 0.129 ms
POST /queries/filters 200 1404 - 804.802 ms
OPTIONS /queries/filters 204 0 - 0.110 ms
POST /queries/filters 200 2011 - 857.143 ms
OPTIONS /queries/answer 204 0 - 0.144 ms
POST /queries/answer 401 26 - 0.535 ms
OPTIONS /articles 204 0 - 0.272 ms
OPTIONS /user/role/expert 204 0 - 0.171 ms
OPTIONS /user/role/user 204 0 - 0.244 ms
OPTIONS /queries/filters 204 0 - 0.151 ms
GET /user/role/expert 200 4379 - 745.017 ms
POST /queries/filters 200 1404 - 706.045 ms
GET /user/role/user 200 38166 - 1041.626 ms
GET /articles 304 - - 1456.766 ms
OPTIONS /queries/filters 204 0 - 2.425 ms
OPTIONS /queries/filters 204 0 - 0.118 ms
POST /queries/filters 200 2011 - 6130.044 ms
POST /queries/filters 200 2011 - 5725.948 ms
OPTIONS /queries/answer 204 0 - 0.106 ms
POST /queries/answer 401 26 - 1.251 ms
OPTIONS /articles 204 0 - 0.138 ms
OPTIONS /user/role/expert 204 0 - 0.408 ms
OPTIONS /user/role/user 204 0 - 0.139 ms
OPTIONS /queries/filters 204 0 - 0.122 ms
GET /user/role/user 200 38166 - 1471.012 ms
GET /articles 304 - - 2060.239 ms
GET /user/role/expert 200 4379 - 5612.880 ms
POST /queries/filters 200 1404 - 6357.541 ms
OPTIONS /queries/filters 204 0 - 0.141 ms
POST /queries/filters 200 2 - 1358.358 ms
OPTIONS /queries/filters 204 0 - 0.110 ms
POST /queries/filters 200 2011 - 757.254 ms
OPTIONS /queries/answer 204 0 - 0.171 ms
POST /queries/answer 401 26 - 0.865 ms
OPTIONS /queries/filters 204 0 - 1.226 ms
POST /queries/filters 200 2011 - 765.270 ms
OPTIONS /queries/filters 204 0 - 0.148 ms
POST /queries/filters 200 2011 - 764.131 ms
POST /queries/filters 200 2011 - 753.354 ms
OPTIONS /articles 204 0 - 0.286 ms
OPTIONS /user/role/user 204 0 - 0.267 ms
OPTIONS /user/role/expert 204 0 - 0.202 ms
OPTIONS /queries/filters 204 0 - 0.140 ms
GET /user/role/expert 200 4379 - 784.299 ms
POST /queries/filters 200 1404 - 1364.910 ms
GET /user/role/user 200 38166 - 1813.891 ms
GET /articles 304 - - 2166.319 ms
OPTIONS /queries/filters 204 0 - 0.200 ms
POST /queries/filters 200 1404 - 743.801 ms
OPTIONS /articles 204 0 - 0.296 ms
OPTIONS /user/role/expert 204 0 - 0.278 ms
OPTIONS /user/role/user 204 0 - 0.264 ms
OPTIONS /queries/filters 204 0 - 0.468 ms
POST /queries/filters 200 1404 - 780.284 ms
GET /user/role/expert 200 4379 - 1186.310 ms
GET /user/role/user 200 38166 - 1536.139 ms
GET /articles 304 - - 1751.211 ms
OPTIONS /queries/filters 204 0 - 0.163 ms
POST /queries/filters 200 2011 - 771.832 ms
OPTIONS /queries/answer 204 0 - 0.124 ms
POST /queries/answer 401 26 - 0.665 ms
GET /queries/answer 404 153 - 13.145 ms
OPTIONS /queries/answer 204 0 - 0.112 ms
POST /queries/answer 401 26 - 0.604 ms
OPTIONS /articles 204 0 - 1.781 ms
OPTIONS /user/role/expert 204 0 - 0.559 ms
OPTIONS /user/role/user 204 0 - 0.233 ms
OPTIONS /queries/filters 204 0 - 0.155 ms
GET /user/role/expert 200 4380 - 829.788 ms
GET /user/role/user 200 38166 - 1571.956 ms
GET /articles 304 - - 4573.757 ms
POST /queries/filters 200 1404 - 6021.049 ms
OPTIONS /queries/filters 204 0 - 0.117 ms
POST /queries/filters 200 2011 - 813.153 ms
OPTIONS /queries/answer 204 0 - 0.249 ms
POST /queries/answer 401 1536 - 1.884 ms
OPTIONS /queries/answer 204 0 - 1.216 ms
POST /queries/answer 401 1536 - 18.931 ms
OPTIONS /queries/answer 204 0 - 1.208 ms
POST /queries/answer 401 43 - 16.147 ms
OPTIONS /articles 204 0 - 3.707 ms
OPTIONS /user/role/expert 204 0 - 0.352 ms
OPTIONS /user/role/user 204 0 - 0.254 ms
GET /user/role/expert 200 4380 - 681.570 ms
GET /user/role/user 200 38166 - 1209.658 ms
GET /articles 304 - - 2261.546 ms
OPTIONS /auth/login 204 0 - 0.343 ms
POST /auth/login 200 210 - 1721.118 ms
GET /user/email/adminmeld@gmail.com 200 572 - 1553.670 ms
OPTIONS /articles 204 0 - 0.667 ms
OPTIONS /user/role/expert 204 0 - 0.232 ms
OPTIONS /user/role/user 204 0 - 0.235 ms
GET /user/role/expert 200 4380 - 540.628 ms
GET /user/role/user 200 38166 - 1557.535 ms
OPTIONS /user/6442533699b8a10f240e68fc 204 0 - 0.266 ms
GET /articles 304 - - 2180.051 ms
GET /user/6442533699b8a10f240e68fc 200 572 - 1003.876 ms
OPTIONS /auth/login 204 0 - 0.318 ms
POST /auth/login 200 211 - 2095.961 ms
GET /user/email/expert4@gmail.com 304 - - 1394.342 ms
OPTIONS /articles 204 0 - 0.217 ms
OPTIONS /user/role/expert 204 0 - 0.497 ms
OPTIONS /user/role/user 204 0 - 0.278 ms
GET /user/role/expert 200 4380 - 489.887 ms
GET /user/role/user 200 38166 - 925.684 ms
GET /articles 304 - - 1328.200 ms
OPTIONS /articles/topic/news_updates/page/1 204 0 - 0.224 ms
GET /articles/topic/news_updates/page/1 200 9684 - 444.000 ms
OPTIONS /articles/comments/6439a0211c849065a701394a 204 0 - 0.219 ms
OPTIONS /articles/6439a0211c849065a701394a 204 0 - 0.249 ms
GET /articles/comments/6439a0211c849065a701394a 200 2 - 443.466 ms
GET /articles/6439a0211c849065a701394a 200 3012 - 460.182 ms
OPTIONS /articles/liked/6439a0211c849065a701394a 204 0 - 0.178 ms
POST /articles/liked/6439a0211c849065a701394a 200 16 - 763.179 ms
OPTIONS /articles/disliked/6439a0211c849065a701394a 204 0 - 0.197 ms
POST /articles/disliked/6439a0211c849065a701394a 200 16 - 936.648 ms
POST /articles/liked/6439a0211c849065a701394a 200 16 - 905.374 ms
POST /articles/liked/6439a0211c849065a701394a 200 16 - 1131.950 ms
POST /articles/disliked/6439a0211c849065a701394a 200 16 - 1953.908 ms
OPTIONS /articles/comments/6439a0211c849065a701394a 204 0 - 0.263 ms
POST /articles/comments/6439a0211c849065a701394a - - - - ms
OPTIONS /articles 204 0 - 0.185 ms
OPTIONS /user/role/expert 204 0 - 0.148 ms
OPTIONS /user/role/user 204 0 - 0.150 ms
OPTIONS /articles/6439a0211c849065a701394a 204 0 - 1.274 ms
GET /articles/comments/6439a0211c849065a701394a 200 429 - 1086.603 ms
GET /user/role/user 200 38166 - 1628.562 ms
GET /user/role/expert 200 4380 - 1636.167 ms
GET /articles 200 85026 - 3158.135 ms
GET /articles/6439a0211c849065a701394a 200 3039 - 3122.252 ms
OPTIONS /articles 204 0 - 0.365 ms
OPTIONS /user/role/expert 204 0 - 0.179 ms
OPTIONS /user/role/user 204 0 - 0.172 ms
OPTIONS /user/65b12a13502eeca7e1bb97f9 204 0 - 0.191 ms
GET /user/role/expert 200 4380 - 434.633 ms
GET /articles 304 - - 1436.326 ms
GET /user/65b12a13502eeca7e1bb97f9 200 665 - 1418.774 ms
GET /user/role/user 200 38166 - 1788.637 ms
OPTIONS /articles 204 0 - 0.188 ms
OPTIONS /user/role/expert 204 0 - 0.151 ms
OPTIONS /user/role/user 204 0 - 0.177 ms
OPTIONS /user/65b12a13502eeca7e1bb97f9 204 0 - 0.285 ms
GET /user/role/expert 200 4380 - 427.332 ms
GET /user/role/user 200 38166 - 910.116 ms
GET /user/65b12a13502eeca7e1bb97f9 304 - - 1377.891 ms
GET /articles 304 - - 3147.988 ms
OPTIONS /articles 204 0 - 0.284 ms
OPTIONS /user/role/expert 204 0 - 0.538 ms
OPTIONS /user/role/user 204 0 - 0.355 ms
OPTIONS /user/65b12a13502eeca7e1bb97f9 204 0 - 1.192 ms
GET /user/role/expert 200 4380 - 388.111 ms
GET /user/role/user 200 38166 - 822.500 ms
GET /user/65b12a13502eeca7e1bb97f9 304 - - 1269.673 ms
GET /articles 304 - - 2149.526 ms
OPTIONS /user/65b12a13502eeca7e1bb97f9 204 0 - 0.319 ms
PUT /user/65b12a13502eeca7e1bb97f9 500 1290 - 46.987 ms
PUT /user/65b12a13502eeca7e1bb97f9 500 1290 - 6.281 ms
OPTIONS /user/65b12a13502eeca7e1bb97f9 204 0 - 3.510 ms
PUT /user/65b12a13502eeca7e1bb97f9 200 41 - 4350.600 ms
OPTIONS /user/email/expert4@gmail.com 204 0 - 0.224 ms
GET /user/email/expert4@gmail.com 200 634 - 1536.552 ms
OPTIONS /articles 204 0 - 0.174 ms
OPTIONS /user/role/expert 204 0 - 0.115 ms
OPTIONS /user/role/user 204 0 - 0.284 ms
OPTIONS /user/65b12a13502eeca7e1bb97f9 204 0 - 0.141 ms
GET /user/role/expert 200 4349 - 372.074 ms
GET /user/role/user 200 38166 - 628.096 ms
GET /user/65b12a13502eeca7e1bb97f9 200 634 - 997.141 ms
GET /articles 304 - - 1032.991 ms
OPTIONS /articles 204 0 - 0.219 ms
OPTIONS /user/role/expert 204 0 - 0.212 ms
OPTIONS /user/role/user 204 0 - 0.261 ms
GET /user/role/expert 200 4349 - 513.428 ms
GET /user/role/user 200 38166 - 1022.067 ms
GET /articles 304 - - 1584.608 ms
GET /user/role/expert 200 4349 - 510.298 ms
GET /articles 304 - - 1513.461 ms
GET /user/role/user 200 38166 - 1993.351 ms
OPTIONS /user/65b12a13502eeca7e1bb97f9 204 0 - 0.470 ms
GET /user/65b12a13502eeca7e1bb97f9 200 634 - 2315.356 ms
OPTIONS /user/65b12a13502eeca7e1bb97f9 204 0 - 1.344 ms
GET /user/65b12a13502eeca7e1bb97f9 200 634 - 1125.732 ms
OPTIONS /user/65b12a13502eeca7e1bb97f9 204 0 - 0.433 ms
GET /user/65b12a13502eeca7e1bb97f9 200 634 - 1172.685 ms
OPTIONS /user/65b12a13502eeca7e1bb97f9 204 0 - 0.213 ms
GET /user/65b12a13502eeca7e1bb97f9 200 634 - 1418.654 ms
OPTIONS /articles 204 0 - 0.362 ms
OPTIONS /user/role/expert 204 0 - 0.140 ms
OPTIONS /user/role/user 204 0 - 0.148 ms
OPTIONS /user/65b12a13502eeca7e1bb97f9 204 0 - 0.173 ms
GET /user/role/expert 200 4349 - 348.288 ms
GET /user/role/user 200 38166 - 733.269 ms
GET /articles 304 - - 1246.171 ms
GET /user/65b12a13502eeca7e1bb97f9 200 634 - 4500.089 ms
OPTIONS /user/65b12a13502eeca7e1bb97f9 204 0 - 0.195 ms
GET /user/65b12a13502eeca7e1bb97f9 200 634 - 1412.030 ms
OPTIONS /articles 204 0 - 0.382 ms
OPTIONS /user/role/expert 204 0 - 0.293 ms
OPTIONS /user/role/user 204 0 - 0.408 ms
GET /user/role/expert 200 4349 - 390.800 ms
GET /user/role/user 200 38166 - 732.325 ms
GET /articles 304 - - 1170.979 ms
OPTIONS /articles 204 0 - 0.207 ms
OPTIONS /user/role/expert 204 0 - 0.131 ms
OPTIONS /user/role/user 204 0 - 0.215 ms
GET /user/role/expert 200 4349 - 288.841 ms
GET /user/role/user 200 38166 - 949.288 ms
GET /articles 304 - - 964.736 ms
OPTIONS /articles 204 0 - 0.140 ms
OPTIONS /user/role/expert 204 0 - 0.114 ms
OPTIONS /user/role/user 204 0 - 0.138 ms
OPTIONS /user/65b12a13502eeca7e1bb97f9 204 0 - 0.184 ms
GET /user/role/expert 200 4349 - 515.018 ms
GET /user/65b12a13502eeca7e1bb97f9 200 634 - 1454.854 ms
GET /user/role/user 200 38166 - 1654.408 ms
GET /articles - - - - ms
GET /user/role/expert 200 4349 - 475.157 ms
GET /user/role/user 200 38166 - 973.938 ms
GET /articles 200 85026 - 1368.229 ms
GET /user/65b12a13502eeca7e1bb97f9 200 634 - 3756.810 ms
OPTIONS /articles 204 0 - 0.161 ms
OPTIONS /user/role/expert 204 0 - 0.134 ms
OPTIONS /user/role/user 204 0 - 0.302 ms
OPTIONS /user/65b12a13502eeca7e1bb97f9 204 0 - 0.216 ms
GET /user/role/expert 200 4349 - 425.644 ms
GET /user/role/user 200 38166 - 908.929 ms
GET /articles 304 - - 1329.979 ms
GET /user/65b12a13502eeca7e1bb97f9 200 634 - 1355.513 ms
OPTIONS /articles 204 0 - 0.342 ms
OPTIONS /user/role/expert 204 0 - 0.279 ms
OPTIONS /user/role/user 204 0 - 0.216 ms
OPTIONS /user/65b12a13502eeca7e1bb97f9 204 0 - 0.296 ms
GET /user/role/expert 200 4349 - 417.167 ms
GET /user/65b12a13502eeca7e1bb97f9 200 634 - 1306.501 ms
GET /user/role/user 200 38166 - 1384.782 ms
GET /articles 304 - - 4772.424 ms
OPTIONS /articles 204 0 - 0.207 ms
OPTIONS /user/role/expert 204 0 - 0.155 ms
OPTIONS /user/role/user 204 0 - 0.187 ms
OPTIONS /user/65b12a13502eeca7e1bb97f9 204 0 - 0.167 ms
GET /user/role/expert 200 4349 - 484.738 ms
GET /user/role/user 200 38166 - 1317.601 ms
GET /user/65b12a13502eeca7e1bb97f9 200 634 - 1301.635 ms
GET /articles 304 - - 3295.612 ms
OPTIONS /articles 204 0 - 1.916 ms
OPTIONS /user/role/expert 204 0 - 0.149 ms
OPTIONS /user/role/user 204 0 - 0.114 ms
OPTIONS /user/65b12a13502eeca7e1bb97f9 204 0 - 0.181 ms
GET /user/role/expert 200 4349 - 464.538 ms
GET /user/role/user 200 38166 - 1317.048 ms
GET /user/65b12a13502eeca7e1bb97f9 200 634 - 1412.863 ms
GET /articles 304 - - 3733.880 ms
OPTIONS /user/65b12a13502eeca7e1bb97f9 204 0 - 0.206 ms
GET /user/65b12a13502eeca7e1bb97f9 200 634 - 1315.327 ms
OPTIONS /user/65b12a13502eeca7e1bb97f9 204 0 - 0.159 ms
GET /user/65b12a13502eeca7e1bb97f9 200 634 - 1380.745 ms
OPTIONS /articles 204 0 - 0.373 ms
OPTIONS /user/role/expert 204 0 - 0.228 ms
OPTIONS /user/role/user 204 0 - 0.148 ms
OPTIONS /user/65b12a13502eeca7e1bb97f9 204 0 - 0.281 ms
GET /user/role/expert 200 4349 - 450.518 ms
GET /user/role/user 200 38166 - 1381.880 ms
GET /user/65b12a13502eeca7e1bb97f9 200 634 - 2814.188 ms
GET /articles 304 - - 4504.783 ms
OPTIONS /articles 204 0 - 0.244 ms
OPTIONS /user/role/expert 204 0 - 0.304 ms
OPTIONS /user/role/user 204 0 - 0.164 ms
OPTIONS /user/65b12a13502eeca7e1bb97f9 204 0 - 0.293 ms
GET /user/role/expert 200 4349 - 834.480 ms
GET /user/65b12a13502eeca7e1bb97f9 200 634 - 1455.446 ms
GET /user/role/user 200 38166 - 1751.922 ms
GET /articles 304 - - 3379.222 ms
OPTIONS /articles 204 0 - 0.209 ms
OPTIONS /user/role/expert 204 0 - 1.389 ms
OPTIONS /user/role/user 204 0 - 0.219 ms
OPTIONS /user/65b12a13502eeca7e1bb97f9 204 0 - 0.171 ms
GET /user/role/expert 200 4349 - 492.506 ms
GET /user/role/user 200 38166 - 893.047 ms
GET /user/65b12a13502eeca7e1bb97f9 200 634 - 1164.559 ms
GET /articles 304 - - 4670.786 ms
OPTIONS /articles 204 0 - 0.246 ms
OPTIONS /user/role/expert 204 0 - 0.154 ms
OPTIONS /user/role/user 204 0 - 0.119 ms
OPTIONS /user/65b12a13502eeca7e1bb97f9 204 0 - 0.202 ms
GET /user/role/expert 200 4349 - 473.407 ms
GET /user/65b12a13502eeca7e1bb97f9 200 634 - 1373.569 ms
GET /user/role/user 200 38166 - 1852.220 ms
GET /articles 304 - - 5749.249 ms
OPTIONS /user/65b12a13502eeca7e1bb97f9 204 0 - 0.156 ms
GET /user/65b12a13502eeca7e1bb97f9 200 634 - 1957.996 ms
GET /user/65b12a13502eeca7e1bb97f9 200 634 - 1298.497 ms
OPTIONS /user/65b12a13502eeca7e1bb97f9 204 0 - 0.199 ms
GET /user/65b12a13502eeca7e1bb97f9 200 634 - 2817.418 ms
GET /user/65b12a13502eeca7e1bb97f9 200 634 - 1220.152 ms
OPTIONS /user/65b12a13502eeca7e1bb97f9 204 0 - 0.149 ms
GET /user/65b12a13502eeca7e1bb97f9 200 634 - 1374.867 ms
GET /user/65b12a13502eeca7e1bb97f9 200 634 - 1326.827 ms
OPTIONS /user/65b12a13502eeca7e1bb97f9 204 0 - 0.339 ms
GET /user/65b12a13502eeca7e1bb97f9 200 634 - 1309.020 ms
GET /user/65b12a13502eeca7e1bb97f9 200 634 - 1956.820 ms
OPTIONS /user/65b12a13502eeca7e1bb97f9 204 0 - 0.327 ms
GET /user/65b12a13502eeca7e1bb97f9 200 634 - 1374.858 ms
OPTIONS /user/65b12a13502eeca7e1bb97f9 204 0 - 0.161 ms
GET /user/65b12a13502eeca7e1bb97f9 200 634 - 1362.385 ms
OPTIONS /user/65b12a13502eeca7e1bb97f9 204 0 - 0.153 ms
GET /user/65b12a13502eeca7e1bb97f9 200 634 - 1229.046 ms
OPTIONS /user/65b12a13502eeca7e1bb97f9 204 0 - 0.155 ms
GET /user/65b12a13502eeca7e1bb97f9 200 634 - 2651.392 ms
OPTIONS /user/65b12a13502eeca7e1bb97f9 204 0 - 1.528 ms
GET /user/65b12a13502eeca7e1bb97f9 200 634 - 1295.677 ms
GET /user/65b12a13502eeca7e1bb97f9 200 634 - 1348.060 ms
OPTIONS /user/65b12a13502eeca7e1bb97f9 204 0 - 0.134 ms
GET /user/65b12a13502eeca7e1bb97f9 200 634 - 2449.280 ms
OPTIONS /user/65b12a13502eeca7e1bb97f9 204 0 - 0.175 ms
GET /user/65b12a13502eeca7e1bb97f9 200 634 - 1380.222 ms
GET /user/65b12a13502eeca7e1bb97f9 200 634 - 1312.128 ms
GET /user/65b12a13502eeca7e1bb97f9 200 634 - 1885.125 ms
OPTIONS /user/65b12a13502eeca7e1bb97f9 204 0 - 0.100 ms
GET /user/65b12a13502eeca7e1bb97f9 200 634 - 1292.616 ms
OPTIONS /user/65b12a13502eeca7e1bb97f9 204 0 - 0.132 ms
GET /user/65b12a13502eeca7e1bb97f9 200 634 - 1922.429 ms
OPTIONS /user/65b12a13502eeca7e1bb97f9 204 0 - 0.220 ms
GET /user/65b12a13502eeca7e1bb97f9 200 634 - 1364.518 ms
OPTIONS /user/65b12a13502eeca7e1bb97f9 204 0 - 0.138 ms
GET /user/65b12a13502eeca7e1bb97f9 200 634 - 1957.768 ms
GET /user/65b12a13502eeca7e1bb97f9 200 634 - 1316.590 ms
OPTIONS /user/65b12a13502eeca7e1bb97f9 204 0 - 0.232 ms
GET /user/65b12a13502eeca7e1bb97f9 200 634 - 2060.725 ms
OPTIONS /user/65b12a13502eeca7e1bb97f9 204 0 - 0.159 ms
GET /user/65b12a13502eeca7e1bb97f9 200 634 - 1326.916 ms
OPTIONS /user/65b12a13502eeca7e1bb97f9 204 0 - 0.196 ms
GET /user/65b12a13502eeca7e1bb97f9 200 634 - 1372.311 ms
OPTIONS /user/65b12a13502eeca7e1bb97f9 204 0 - 7.615 ms
GET /user/65b12a13502eeca7e1bb97f9 200 634 - 3359.800 ms
OPTIONS /user/65b12a13502eeca7e1bb97f9 204 0 - 0.156 ms
GET /user/65b12a13502eeca7e1bb97f9 200 634 - 1366.855 ms
GET /user/65b12a13502eeca7e1bb97f9 200 634 - 2399.262 ms
OPTIONS /user/65b12a13502eeca7e1bb97f9 204 0 - 0.214 ms
GET /user/65b12a13502eeca7e1bb97f9 200 634 - 1327.478 ms
OPTIONS /user/65b12a13502eeca7e1bb97f9 204 0 - 0.209 ms
GET /user/65b12a13502eeca7e1bb97f9 200 634 - 2083.105 ms
OPTIONS /user/65b12a13502eeca7e1bb97f9 204 0 - 0.098 ms
GET /user/65b12a13502eeca7e1bb97f9 200 634 - 1350.806 ms
OPTIONS /user/65b12a13502eeca7e1bb97f9 204 0 - 0.204 ms
GET /user/65b12a13502eeca7e1bb97f9 200 634 - 1372.534 ms
OPTIONS /user/65b12a13502eeca7e1bb97f9 204 0 - 0.182 ms
GET /user/65b12a13502eeca7e1bb97f9 200 634 - 2511.091 ms
OPTIONS /user/65b12a13502eeca7e1bb97f9 204 0 - 0.992 ms
GET /user/65b12a13502eeca7e1bb97f9 200 634 - 1941.151 ms
OPTIONS /user/65b12a13502eeca7e1bb97f9 204 0 - 0.123 ms
GET /user/65b12a13502eeca7e1bb97f9 200 634 - 1343.688 ms
OPTIONS /articles 204 0 - 2.181 ms
OPTIONS /user/role/expert 204 0 - 0.281 ms
OPTIONS /user/role/user 204 0 - 0.162 ms
OPTIONS /user/65b12a13502eeca7e1bb97f9 204 0 - 0.134 ms
GET /user/role/expert 200 4349 - 461.048 ms
GET /user/role/user 200 38166 - 1328.836 ms
GET /user/65b12a13502eeca7e1bb97f9 200 634 - 6960.818 ms
OPTIONS /user/65b12a13502eeca7e1bb97f9 204 0 - 0.586 ms
GET /articles 304 - - 10394.990 ms
GET /user/65b12a13502eeca7e1bb97f9 200 634 - 1672.389 ms
OPTIONS /articles 204 0 - 0.266 ms
OPTIONS /user/role/expert 204 0 - 0.223 ms
OPTIONS /user/role/user 204 0 - 0.272 ms
GET /user/role/expert 200 4349 - 473.339 ms
GET /user/role/user 200 38166 - 944.313 ms
GET /articles 304 - - 7313.460 ms
OPTIONS /auth/login 204 0 - 2.649 ms
POST /auth/login 200 211 - 2135.121 ms
GET /user/email/expert4@gmail.com 200 634 - 1255.172 ms
OPTIONS /articles 204 0 - 0.369 ms
OPTIONS /user/role/expert 204 0 - 0.164 ms
OPTIONS /user/role/user 204 0 - 0.173 ms
GET /user/role/expert 200 4349 - 433.142 ms
GET /user/role/user 200 38166 - 1833.105 ms
OPTIONS /user/65b12a13502eeca7e1bb97f9 204 0 - 0.446 ms
GET /articles 304 - - 7792.863 ms
GET /user/65b12a13502eeca7e1bb97f9 200 634 - 2430.632 ms
OPTIONS /auth/login 204 0 - 0.216 ms
POST /auth/login 200 210 - 2642.143 ms
GET /user/email/adminmeld@gmail.com 200 572 - 1903.315 ms
OPTIONS /articles 204 0 - 0.185 ms
OPTIONS /user/role/expert 204 0 - 0.278 ms
OPTIONS /user/role/user 204 0 - 0.209 ms
GET /user/role/expert 200 4349 - 453.761 ms
GET /user/role/user 200 38166 - 1388.743 ms
GET /articles 304 - - 10206.084 ms
OPTIONS /auth/login 204 0 - 0.312 ms
