OPTIONS /user/65d39d849da817a6055ccd5b 204 0 - 1.371 ms
PUT /user/65d39d849da817a6055ccd5b 500 1290 - 11.437 ms
OPTIONS /user/65d39d849da817a6055ccd5b 204 0 - 1.052 ms
OPTIONS /user/65d39d849da817a6055ccd5b 204 0 - 2.053 ms
PUT /user/65d39d849da817a6055ccd5b 200 39 - 3554.873 ms
OPTIONS /user/email/likithandavarapuiiits@gmail.com 204 0 - 0.559 ms
GET /user/email/likithandavarapuiiits@gmail.com 200 439 - 714.290 ms
OPTIONS /articles 204 0 - 0.213 ms
OPTIONS /user/role/expert 204 0 - 0.201 ms
OPTIONS /user/role/user 204 0 - 0.194 ms
GET /user/role/expert 200 4349 - 274.307 ms
GET /user/role/user 200 38606 - 534.781 ms
GET /articles 304 - - 735.217 ms
OPTIONS /user/65d39d849da817a6055ccd5b 204 0 - 0.362 ms
PUT /user/65d39d849da817a6055ccd5b 200 39 - 3717.041 ms
OPTIONS /user/email/likithandavarapuiiits@gmail.com 204 0 - 0.470 ms
GET /user/email/likithandavarapuiiits@gmail.com 200 428 - 825.734 ms
OPTIONS /articles 204 0 - 0.436 ms
OPTIONS /user/role/expert 204 0 - 0.303 ms
OPTIONS /user/role/user 204 0 - 0.244 ms
GET /user/role/expert 200 4349 - 291.720 ms
GET /user/role/user 200 38595 - 578.316 ms
GET /articles 304 - - 813.298 ms
OPTIONS /articles/topic/lifestyle/page/1 204 0 - 0.298 ms
GET /articles/topic/lifestyle/page/1 200 16299 - 500.637 ms
OPTIONS /articles/comments/6436a9d5f19d7372b290a5d0 204 0 - 0.302 ms
OPTIONS /articles/6436a9d5f19d7372b290a5d0 204 0 - 0.230 ms
GET /articles/comments/6436a9d5f19d7372b290a5d0 200 2 - 269.930 ms
GET /articles/6436a9d5f19d7372b290a5d0 200 1684 - 287.902 ms
OPTIONS /articles/liked/6436a9d5f19d7372b290a5d0 204 0 - 0.118 ms
POST /articles/liked/6436a9d5f19d7372b290a5d0 200 16 - 653.725 ms
OPTIONS /queries/filters 204 0 - 0.219 ms
POST /queries/filters 200 2544 - 345.140 ms
OPTIONS /articles 204 0 - 0.267 ms
OPTIONS /user/role/expert 204 0 - 0.321 ms
OPTIONS /user/role/user 204 0 - 0.153 ms
GET /user/role/expert 200 4349 - 323.339 ms
GET /user/role/user 200 38595 - 622.192 ms
GET /articles 200 85053 - 936.895 ms
OPTIONS /queries/filters 204 0 - 0.338 ms
POST /queries/filters 200 2544 - 345.560 ms
OPTIONS /articles 204 0 - 0.209 ms
OPTIONS /user/role/user 204 0 - 0.234 ms
OPTIONS /user/role/expert 204 0 - 0.201 ms
GET /user/role/expert 200 4349 - 366.935 ms
GET /user/role/user 200 38595 - 818.030 ms
GET /articles 304 - - 1180.117 ms
OPTIONS /articles 204 0 - 0.244 ms
OPTIONS /user/role/expert 204 0 - 0.421 ms
OPTIONS /user/role/user 204 0 - 0.323 ms
OPTIONS /queries/filters 204 0 - 0.238 ms
GET /user/role/expert 200 4349 - 301.854 ms
POST /queries/filters 200 2544 - 291.261 ms
GET /user/role/user 200 38595 - 541.011 ms
GET /articles 304 - - 846.574 ms
GET /user/role/expert 200 4349 - 239.044 ms
GET /user/role/user 200 38595 - 502.701 ms
GET /articles 304 - - 767.462 ms
OPTIONS /auth/login 204 0 - 0.206 ms
POST /auth/login 200 211 - 1895.556 ms
GET /user/email/expert4@gmail.com 200 634 - 1100.138 ms
OPTIONS /articles 204 0 - 0.206 ms
OPTIONS /user/role/expert 204 0 - 0.589 ms
OPTIONS /user/role/user 204 0 - 0.206 ms
GET /user/role/expert 200 4349 - 434.067 ms
GET /user/role/user 200 38595 - 755.478 ms
GET /articles 304 - - 1131.177 ms
OPTIONS /user/65b12a13502eeca7e1bb97f9 204 0 - 0.318 ms
GET /user/65b12a13502eeca7e1bb97f9 200 667 - 691.709 ms
OPTIONS /queries/filters 204 0 - 0.267 ms
POST /queries/filters 200 2544 - 283.963 ms
OPTIONS /articles 204 0 - 0.247 ms
OPTIONS /user/role/expert 204 0 - 0.184 ms
OPTIONS /user/role/user 204 0 - 0.704 ms
OPTIONS /user/64416b697a1b8921a3b17a5a 204 0 - 0.218 ms
GET /user/role/expert 200 4349 - 307.013 ms
GET /user/role/user 200 38595 - 623.846 ms
GET /articles 304 - - 1378.532 ms
GET /user/64416b697a1b8921a3b17a5a 404 28 - 1766.506 ms
OPTIONS /user/65b12a13502eeca7e1bb97f9/yourwork 204 0 - 0.252 ms
GET /user/65b12a13502eeca7e1bb97f9/yourwork 200 2 - 302.623 ms
OPTIONS /queries/filters 204 0 - 0.180 ms
POST /queries/filters 200 2544 - 242.497 ms
OPTIONS /articles 204 0 - 0.285 ms
OPTIONS /user/role/expert 204 0 - 0.377 ms
OPTIONS /user/role/user 204 0 - 0.183 ms
GET /user/role/expert 200 4349 - 457.823 ms
GET /user/role/user 200 38595 - 1757.134 ms
GET /articles - - - - ms
OPTIONS /queries/filters 204 0 - 0.265 ms
GET /user/role/expert 200 4349 - 501.276 ms
POST /queries/filters 200 2544 - 480.676 ms
GET /user/role/user 200 38595 - 1392.030 ms
GET /articles 200 85053 - 2531.194 ms
OPTIONS /articles 204 0 - 0.180 ms
OPTIONS /user/role/expert 204 0 - 0.137 ms
OPTIONS /user/role/user 204 0 - 0.113 ms
GET /user/role/expert 200 4349 - 417.256 ms
POST /queries/filters 200 2544 - 416.301 ms
GET /user/role/user 200 38595 - 862.357 ms
GET /articles 304 - - 1706.216 ms
OPTIONS /user/65b12a13502eeca7e1bb97f9 204 0 - 0.151 ms
GET /user/65b12a13502eeca7e1bb97f9 200 667 - 572.907 ms
OPTIONS /auth/login 204 0 - 0.162 ms
POST /auth/login 200 210 - 2436.494 ms
GET /user/email/adminmeld@gmail.com 200 572 - 989.649 ms
OPTIONS /articles 204 0 - 0.163 ms
OPTIONS /user/role/expert 204 0 - 0.137 ms
OPTIONS /user/role/user 204 0 - 0.162 ms
GET /user/role/expert 200 4349 - 280.984 ms
GET /user/role/user 200 38595 - 602.413 ms
OPTIONS /queries/filters 204 0 - 0.196 ms
GET /articles 304 - - 998.818 ms
POST /queries/filters 200 2544 - 352.862 ms
OPTIONS /articles 204 0 - 0.223 ms
OPTIONS /user/role/expert 204 0 - 4.871 ms
OPTIONS /user/role/user 204 0 - 0.136 ms
GET /user/role/expert 200 4349 - 411.082 ms
GET /user/role/user 200 38595 - 1285.481 ms
GET /articles 304 - - 1306.344 ms
OPTIONS /user/643430f788bd1b9e3366b788 204 0 - 0.203 ms
GET /user/643430f788bd1b9e3366b788 200 659 - 1074.736 ms
OPTIONS /user/6436a871f19d7372b290a5c7 204 0 - 0.157 ms
GET /user/6436a871f19d7372b290a5c7 200 645 - 930.724 ms
GET /user/6436a871f19d7372b290a5c7 304 - - 819.431 ms
OPTIONS /articles 204 0 - 0.172 ms
OPTIONS /user/role/user 204 0 - 0.280 ms
OPTIONS /user/role/expert 204 0 - 0.177 ms
GET /user/role/expert 200 4349 - 325.791 ms
GET /user/role/user 200 38595 - 695.858 ms
GET /articles 304 - - 1138.596 ms
OPTIONS /auth/login 204 0 - 0.160 ms
POST /auth/login 400 32 - 1532.751 ms
OPTIONS /auth/login 204 0 - 0.280 ms
POST /auth/login 400 32 - 1814.106 ms
OPTIONS /auth/login 204 0 - 0.360 ms
POST /auth/login 200 210 - 1576.698 ms
GET /user/email/adminmeld@gmail.com 200 572 - 833.990 ms
OPTIONS /articles 204 0 - 0.268 ms
OPTIONS /user/role/expert 204 0 - 0.217 ms
OPTIONS /user/role/user 204 0 - 0.212 ms
GET /user/role/expert 200 4349 - 313.572 ms
GET /user/role/user 200 38595 - 881.020 ms
GET /articles 304 - - 945.501 ms
OPTIONS /queries/filters 204 0 - 0.196 ms
POST /queries/filters 200 2 - 296.480 ms
OPTIONS /queries 204 0 - 0.305 ms
POST /queries 200 41 - 496.366 ms
OPTIONS /articles 204 0 - 0.182 ms
OPTIONS /user/role/expert 204 0 - 0.301 ms
OPTIONS /user/role/user 204 0 - 0.271 ms
OPTIONS /queries/filters 204 0 - 0.191 ms
GET /user/role/expert 200 4349 - 433.265 ms
POST /queries/filters 200 2 - 406.187 ms
GET /user/role/user 200 38595 - 841.528 ms
GET /articles 304 - - 1235.878 ms
OPTIONS /auth/login 204 0 - 0.182 ms
OPTIONS /articles 204 0 - 3.405 ms
OPTIONS /user/role/expert 204 0 - 0.425 ms
OPTIONS /user/role/user 204 0 - 0.244 ms
GET /user/role/expert 200 4349 - 399.084 ms
GET /user/role/user 200 38595 - 736.798 ms
GET /articles 304 - - 1108.691 ms
OPTIONS /auth/googleSignIn 204 0 - 0.242 ms
POST /auth/googleSignIn 200 208 - 306.868 ms
OPTIONS /user/email/likithandavarapuiiits@gmail.com 204 0 - 0.399 ms
GET /user/email/likithandavarapuiiits@gmail.com 304 - - 995.448 ms
OPTIONS /articles 204 0 - 0.255 ms
OPTIONS /user/role/expert 204 0 - 0.231 ms
OPTIONS /user/role/user 204 0 - 0.199 ms
GET /user/role/expert 200 4349 - 381.284 ms
GET /user/role/user 200 38595 - 762.401 ms
GET /articles 304 - - 1228.610 ms
OPTIONS /queries/filters 204 0 - 0.214 ms
POST /queries/filters 200 2 - 387.415 ms
OPTIONS /queries 204 0 - 0.655 ms
POST /queries 200 41 - 456.281 ms
OPTIONS /queries/filters 204 0 - 0.132 ms
POST /queries/filters 200 499 - 272.232 ms
OPTIONS /articles 204 0 - 0.212 ms
OPTIONS /user/role/expert 204 0 - 0.428 ms
OPTIONS /user/role/user 204 0 - 0.177 ms
OPTIONS /queries/filters 204 0 - 0.311 ms
GET /user/role/expert 200 4349 - 413.167 ms
POST /queries/filters 200 2 - 400.851 ms
GET /user/role/user 200 38595 - 828.466 ms
GET /articles 304 - - 1229.564 ms
POST /queries/filters 200 251 - 477.053 ms
OPTIONS /auth/login 204 0 - 0.325 ms
POST /auth/login 200 211 - 1935.316 ms
GET /user/email/expert4@gmail.com 200 634 - 1107.682 ms
OPTIONS /articles 204 0 - 0.415 ms
OPTIONS /user/role/expert 204 0 - 0.156 ms
OPTIONS /user/role/user 204 0 - 0.105 ms
GET /user/role/expert 200 4349 - 329.681 ms
GET /user/role/user 200 38595 - 629.393 ms
GET /articles 304 - - 948.567 ms
OPTIONS /queries/filters 204 0 - 0.163 ms
POST /queries/filters 200 2 - 381.700 ms
POST /queries/filters 200 251 - 390.002 ms
OPTIONS /queries/answer 204 0 - 0.209 ms
POST /queries/answer 200 39 - 901.398 ms
OPTIONS /articles 204 0 - 1.575 ms
OPTIONS /user/role/expert 204 0 - 0.282 ms
OPTIONS /user/role/user 204 0 - 0.264 ms
OPTIONS /queries/filters 204 0 - 0.153 ms
GET /user/role/expert 200 4349 - 545.493 ms
POST /queries/filters 200 1663 - 532.921 ms
GET /user/role/user 200 38595 - 979.494 ms
GET /articles 304 - - 1446.422 ms
OPTIONS /articles 204 0 - 0.302 ms
OPTIONS /user/role/expert 204 0 - 0.167 ms
OPTIONS /user/role/user 204 0 - 0.337 ms
OPTIONS /user/65b12a13502eeca7e1bb97f9 204 0 - 0.144 ms
GET /user/role/expert 200 4349 - 377.792 ms
GET /user/role/user 200 38595 - 745.919 ms
GET /articles 304 - - 1107.491 ms
GET /user/65b12a13502eeca7e1bb97f9 200 667 - 2851.030 ms
OPTIONS /queries/filters 204 0 - 0.138 ms
POST /queries/filters 200 1663 - 385.735 ms
GET /user/role/expert 200 4349 - 377.172 ms
GET /user/role/user 200 38595 - 722.025 ms
GET /articles 200 85053 - 1185.439 ms
OPTIONS /auth/login 204 0 - 1.021 ms
POST /auth/login 200 208 - 1726.384 ms
GET /user/email/likith.a21@iiits.in 200 502 - 841.018 ms
OPTIONS /articles 204 0 - 0.384 ms
OPTIONS /user/role/expert 204 0 - 0.206 ms
OPTIONS /user/role/user 204 0 - 0.138 ms
GET /user/role/expert 200 4349 - 287.493 ms
GET /user/role/user 200 38595 - 590.826 ms
GET /articles 304 - - 961.786 ms
OPTIONS /queries/filters 204 0 - 0.434 ms
POST /queries/filters 200 1663 - 332.920 ms
OPTIONS /queries 204 0 - 0.423 ms
POST /queries 200 41 - 427.894 ms
OPTIONS /queries/filters 204 0 - 0.451 ms
POST /queries/filters 200 250 - 376.877 ms
OPTIONS /queries/filters 204 0 - 0.429 ms
POST /queries/filters 200 250 - 324.648 ms
OPTIONS /queries/answer 204 0 - 0.268 ms
POST /queries/answer 200 39 - 691.204 ms
OPTIONS /articles 204 0 - 0.582 ms
OPTIONS /user/role/expert 204 0 - 0.377 ms
OPTIONS /user/role/user 204 0 - 0.219 ms
OPTIONS /queries/filters 204 0 - 0.178 ms
GET /user/role/expert 200 4349 - 350.911 ms
POST /queries/filters 200 2615 - 393.794 ms
GET /user/role/user 200 38595 - 746.147 ms
GET /articles 304 - - 1128.041 ms
