OPTIONS /articles 204 0 - 1.369 ms
OPTIONS /user/role/expert 204 0 - 0.428 ms
OPTIONS /user/role/user 204 0 - 0.183 ms
GET /user/role/expert 200 4349 - 552.889 ms
GET /user/role/user 200 38166 - 861.598 ms
GET /articles 304 - - 3571.378 ms
OPTIONS /auth/login 204 0 - 1.702 ms
POST /auth/login 200 210 - 1621.855 ms
GET /user/email/adminmeld@gmail.com 200 572 - 1125.001 ms
OPTIONS /articles 204 0 - 0.238 ms
OPTIONS /user/role/expert 204 0 - 0.310 ms
OPTIONS /user/role/user 204 0 - 0.114 ms
GET /user/role/expert 200 4349 - 403.221 ms
GET /user/role/user 200 38166 - 1302.132 ms
GET /articles 304 - - 5297.471 ms
OPTIONS /auth/login 204 0 - 0.307 ms
POST /auth/login 200 211 - 1564.281 ms
GET /user/email/expert5@gmail.com 200 589 - 1406.682 ms
OPTIONS /articles 204 0 - 0.310 ms
OPTIONS /user/role/expert 204 0 - 0.239 ms
OPTIONS /user/role/user 204 0 - 0.182 ms
GET /user/role/expert 200 4349 - 410.593 ms
GET /user/role/user 200 38166 - 790.086 ms
OPTIONS /user/6439701aa6ebf51b90de7b62 204 0 - 0.190 ms
GET /articles 304 - - 3451.339 ms
GET /user/6439701aa6ebf51b90de7b62 200 589 - 2260.432 ms
OPTIONS /articles 204 0 - 1.107 ms
OPTIONS /user/role/expert 204 0 - 0.309 ms
OPTIONS /user/role/user 204 0 - 0.154 ms
OPTIONS /user/6439701aa6ebf51b90de7b62 204 0 - 0.132 ms
GET /user/role/expert 200 4349 - 456.688 ms
GET /user/role/user 200 38166 - 1276.532 ms
GET /articles 304 - - 2961.301 ms
GET /user/6439701aa6ebf51b90de7b62 304 - - 4916.283 ms
OPTIONS /user/6439701aa6ebf51b90de7b62/bookmarks 204 0 - 1.345 ms
GET /user/6439701aa6ebf51b90de7b62/bookmarks 200 2 - 2244.845 ms
OPTIONS /user/6439701aa6ebf51b90de7b62 204 0 - 0.240 ms
GET /user/6439701aa6ebf51b90de7b62 304 - - 1399.190 ms
OPTIONS /user/6439701aa6ebf51b90de7b62 204 0 - 0.177 ms
GET /user/6439701aa6ebf51b90de7b62 304 - - 2496.157 ms
OPTIONS /user/6439701aa6ebf51b90de7b62 204 0 - 0.136 ms
GET /user/6439701aa6ebf51b90de7b62 304 - - 1893.402 ms
GET /user/6439701aa6ebf51b90de7b62 304 - - 1462.275 ms
OPTIONS /user/6439701aa6ebf51b90de7b62 204 0 - 0.433 ms
GET /user/6439701aa6ebf51b90de7b62 304 - - 1699.907 ms
OPTIONS /articles 204 0 - 1.822 ms
OPTIONS /user/role/expert 204 0 - 0.181 ms
OPTIONS /user/role/user 204 0 - 0.154 ms
OPTIONS /user/6439701aa6ebf51b90de7b62 204 0 - 0.140 ms
GET /user/role/expert 200 4349 - 408.070 ms
GET /user/role/user 200 38166 - 821.080 ms
GET /articles 304 - - 1252.152 ms
GET /user/6439701aa6ebf51b90de7b62 304 - - 3590.778 ms
OPTIONS /articles 204 0 - 1.813 ms
OPTIONS /user/role/expert 204 0 - 0.301 ms
OPTIONS /user/role/user 204 0 - 0.144 ms
OPTIONS /user/6439701aa6ebf51b90de7b62 204 0 - 0.169 ms
GET /user/role/expert 200 4349 - 283.383 ms
GET /user/role/user 200 38166 - 516.349 ms
GET /articles 304 - - 916.957 ms
GET /user/6439701aa6ebf51b90de7b62 304 - - 2243.590 ms
OPTIONS /articles 204 0 - 1.519 ms
OPTIONS /user/role/expert 204 0 - 0.180 ms
OPTIONS /user/role/user 204 0 - 0.106 ms
OPTIONS /user/6439701aa6ebf51b90de7b62 204 0 - 0.230 ms
GET /user/role/expert 200 4349 - 422.089 ms
GET /user/role/user 200 38166 - 840.876 ms
GET /articles 304 - - 1322.117 ms
GET /user/6439701aa6ebf51b90de7b62 304 - - 4111.309 ms
OPTIONS /articles 204 0 - 1.261 ms
OPTIONS /user/role/expert 204 0 - 0.174 ms
OPTIONS /user/role/user 204 0 - 0.118 ms
OPTIONS /user/6439701aa6ebf51b90de7b62 204 0 - 0.094 ms
GET /user/role/user 200 38166 - 7597.225 ms
GET /user/role/expert 200 4349 - 7636.099 ms
GET /articles 304 - - 8277.488 ms
GET /user/6439701aa6ebf51b90de7b62 304 - - 10224.068 ms
OPTIONS /articles 204 0 - 1.428 ms
OPTIONS /user/role/expert 204 0 - 0.325 ms
OPTIONS /user/role/user 204 0 - 0.102 ms
OPTIONS /user/6439701aa6ebf51b90de7b62 204 0 - 0.164 ms
GET /user/role/expert 200 4349 - 1301.365 ms
GET /user/role/user 200 38166 - 1863.300 ms
GET /user/6439701aa6ebf51b90de7b62 304 - - 2183.642 ms
GET /articles 304 - - 3289.209 ms
OPTIONS /articles 204 0 - 1.978 ms
OPTIONS /user/role/expert 204 0 - 0.239 ms
OPTIONS /user/6439701aa6ebf51b90de7b62 204 0 - 0.143 ms
OPTIONS /user/role/user 204 0 - 0.266 ms
GET /user/role/expert 200 4349 - 1862.696 ms
GET /user/6439701aa6ebf51b90de7b62 200 1426 - 2518.082 ms
GET /user/role/user 200 38166 - 2616.666 ms
GET /articles 304 - - 4190.546 ms
OPTIONS /articles 204 0 - 2.164 ms
OPTIONS /user/role/expert 204 0 - 0.303 ms
OPTIONS /user/role/user 204 0 - 0.167 ms
OPTIONS /user/6439701aa6ebf51b90de7b62 204 0 - 0.353 ms
GET /user/role/user 200 38166 - 2620.195 ms
GET /articles 304 - - 2644.619 ms
GET /user/6439701aa6ebf51b90de7b62 200 622 - 3274.221 ms
GET /user/role/expert 200 4349 - 3650.507 ms
OPTIONS /user/6439701aa6ebf51b90de7b62 204 0 - 0.285 ms
GET /user/6439701aa6ebf51b90de7b62 304 - - 731.721 ms
OPTIONS /user/6439701aa6ebf51b90de7b62 204 0 - 0.155 ms
GET /user/6439701aa6ebf51b90de7b62 304 - - 806.728 ms
OPTIONS /user/6439701aa6ebf51b90de7b62 204 0 - 0.213 ms
GET /user/6439701aa6ebf51b90de7b62 304 - - 741.838 ms
OPTIONS /user/6439701aa6ebf51b90de7b62 204 0 - 0.121 ms
GET /user/6439701aa6ebf51b90de7b62 304 - - 680.355 ms
OPTIONS /user/6439701aa6ebf51b90de7b62 204 0 - 0.277 ms
GET /user/6439701aa6ebf51b90de7b62 304 - - 556.026 ms
OPTIONS /user/6439701aa6ebf51b90de7b62 204 0 - 0.339 ms
GET /user/6439701aa6ebf51b90de7b62 304 - - 598.324 ms
OPTIONS /user/6439701aa6ebf51b90de7b62 204 0 - 0.218 ms
GET /user/6439701aa6ebf51b90de7b62 304 - - 667.976 ms
GET /user/6439701aa6ebf51b90de7b62 304 - - 584.498 ms
GET /user/6439701aa6ebf51b90de7b62 304 - - 517.587 ms
OPTIONS /user/6439701aa6ebf51b90de7b62 204 0 - 0.154 ms
GET /user/6439701aa6ebf51b90de7b62 304 - - 609.909 ms
OPTIONS /articles 204 0 - 0.470 ms
OPTIONS /user/role/user 204 0 - 0.169 ms
OPTIONS /user/role/expert 204 0 - 0.162 ms
GET /user/role/expert 200 4349 - 296.722 ms
GET /user/role/user 200 38166 - 641.882 ms
GET /articles 304 - - 1024.950 ms
GET /user/6439701aa6ebf51b90de7b62 304 - - 2358.177 ms
OPTIONS /user/6439701aa6ebf51b90de7b62 204 0 - 0.255 ms
GET /user/6439701aa6ebf51b90de7b62 304 - - 688.696 ms
OPTIONS /user/6439701aa6ebf51b90de7b62 204 0 - 0.130 ms
GET /user/6439701aa6ebf51b90de7b62 304 - - 577.232 ms
OPTIONS /user/6439701aa6ebf51b90de7b62 204 0 - 0.128 ms
GET /user/6439701aa6ebf51b90de7b62 304 - - 681.793 ms
OPTIONS /user/6439701aa6ebf51b90de7b62 204 0 - 0.162 ms
GET /user/6439701aa6ebf51b90de7b62 304 - - 670.000 ms
OPTIONS /user/6439701aa6ebf51b90de7b62 204 0 - 0.127 ms
GET /user/6439701aa6ebf51b90de7b62 304 - - 549.780 ms
OPTIONS /user/6439701aa6ebf51b90de7b62 204 0 - 0.117 ms
GET /user/6439701aa6ebf51b90de7b62 304 - - 760.421 ms
OPTIONS /user/6439701aa6ebf51b90de7b62 204 0 - 0.201 ms
GET /user/6439701aa6ebf51b90de7b62 304 - - 725.305 ms
OPTIONS /auth/login 204 0 - 0.265 ms
POST /auth/login 200 211 - 1437.697 ms
GET /user/email/expert4@gmail.com 200 634 - 1233.651 ms
OPTIONS /articles 204 0 - 0.128 ms
OPTIONS /user/role/expert 204 0 - 0.181 ms
OPTIONS /user/role/user 204 0 - 0.142 ms
GET /user/role/expert 200 4349 - 428.926 ms
GET /user/role/user 200 38166 - 804.810 ms
GET /articles 304 - - 1256.773 ms
OPTIONS /user/65b12a13502eeca7e1bb97f9 204 0 - 0.112 ms
GET /user/65b12a13502eeca7e1bb97f9 200 667 - 815.038 ms
OPTIONS /user/65b12a13502eeca7e1bb97f9 204 0 - 0.202 ms
GET /user/65b12a13502eeca7e1bb97f9 200 667 - 631.210 ms
GET /user/65b12a13502eeca7e1bb97f9 200 667 - 679.996 ms
OPTIONS /user/65b12a13502eeca7e1bb97f9 204 0 - 0.126 ms
GET /user/65b12a13502eeca7e1bb97f9 200 667 - 528.611 ms
GET /user/65b12a13502eeca7e1bb97f9 200 667 - 593.908 ms
OPTIONS /user/65b12a13502eeca7e1bb97f9 204 0 - 0.192 ms
GET /user/65b12a13502eeca7e1bb97f9 200 667 - 593.395 ms
OPTIONS /articles 204 0 - 0.161 ms
OPTIONS /user/role/expert 204 0 - 0.138 ms
OPTIONS /user/role/user 204 0 - 0.117 ms
OPTIONS /user/65b12a13502eeca7e1bb97f9 204 0 - 0.119 ms
GET /user/role/expert 200 4349 - 274.197 ms
GET /user/role/user 200 38166 - 568.914 ms
GET /user/65b12a13502eeca7e1bb97f9 200 667 - 610.832 ms
GET /articles 304 - - 888.290 ms
OPTIONS /user/65b12a13502eeca7e1bb97f9 204 0 - 0.163 ms
GET /user/65b12a13502eeca7e1bb97f9 200 667 - 746.595 ms
OPTIONS /user/65b12a13502eeca7e1bb97f9 204 0 - 0.183 ms
GET /user/65b12a13502eeca7e1bb97f9 200 667 - 680.237 ms
OPTIONS /user/65b12a13502eeca7e1bb97f9 204 0 - 0.235 ms
GET /user/65b12a13502eeca7e1bb97f9 200 667 - 684.571 ms
GET /user/65b12a13502eeca7e1bb97f9 200 667 - 617.952 ms
GET /user/65b12a13502eeca7e1bb97f9 200 667 - 614.747 ms
GET /user/65b12a13502eeca7e1bb97f9 200 667 - 568.389 ms
OPTIONS /articles 204 0 - 0.140 ms
OPTIONS /user/role/expert 204 0 - 0.110 ms
OPTIONS /user/role/user 204 0 - 0.086 ms
OPTIONS /user/65b12a13502eeca7e1bb97f9 204 0 - 0.111 ms
GET /user/role/expert 200 4349 - 269.851 ms
GET /user/role/user 200 38166 - 498.625 ms
GET /user/65b12a13502eeca7e1bb97f9 200 667 - 514.801 ms
GET /articles 304 - - 799.802 ms
OPTIONS /user/65b12a13502eeca7e1bb97f9 204 0 - 0.136 ms
GET /user/65b12a13502eeca7e1bb97f9 200 667 - 486.768 ms
GET /user/65b12a13502eeca7e1bb97f9 200 667 - 492.164 ms
OPTIONS /user/65b12a13502eeca7e1bb97f9 204 0 - 0.106 ms
GET /user/65b12a13502eeca7e1bb97f9 200 667 - 649.636 ms
GET /user/65b12a13502eeca7e1bb97f9 200 667 - 647.676 ms
GET /user/65b12a13502eeca7e1bb97f9 200 667 - 609.452 ms
GET /user/65b12a13502eeca7e1bb97f9 200 667 - 554.526 ms
OPTIONS /user/65b12a13502eeca7e1bb97f9 204 0 - 0.129 ms
GET /user/65b12a13502eeca7e1bb97f9 200 667 - 533.475 ms
OPTIONS /user/65b12a13502eeca7e1bb97f9 204 0 - 0.128 ms
GET /user/65b12a13502eeca7e1bb97f9 200 667 - 701.775 ms
OPTIONS /user/65b12a13502eeca7e1bb97f9 204 0 - 0.133 ms
GET /user/65b12a13502eeca7e1bb97f9 200 667 - 643.063 ms
OPTIONS /user/65b12a13502eeca7e1bb97f9 204 0 - 0.167 ms
GET /user/65b12a13502eeca7e1bb97f9 200 667 - 503.058 ms
OPTIONS /user/65b12a13502eeca7e1bb97f9 204 0 - 0.192 ms
GET /user/65b12a13502eeca7e1bb97f9 200 667 - 533.053 ms
OPTIONS /user/65b12a13502eeca7e1bb97f9 204 0 - 0.110 ms
GET /user/65b12a13502eeca7e1bb97f9 200 667 - 548.688 ms
GET /user/65b12a13502eeca7e1bb97f9 200 667 - 543.624 ms
OPTIONS /user/65b12a13502eeca7e1bb97f9 204 0 - 0.106 ms
GET /user/65b12a13502eeca7e1bb97f9 200 667 - 592.589 ms
GET /user/65b12a13502eeca7e1bb97f9 200 667 - 583.280 ms
OPTIONS /user/65b12a13502eeca7e1bb97f9 204 0 - 0.176 ms
GET /user/65b12a13502eeca7e1bb97f9 200 667 - 593.132 ms
OPTIONS /user/65b12a13502eeca7e1bb97f9 204 0 - 0.200 ms
GET /user/65b12a13502eeca7e1bb97f9 200 667 - 486.936 ms
GET /user/65b12a13502eeca7e1bb97f9 200 667 - 493.535 ms
OPTIONS /user/65b12a13502eeca7e1bb97f9 204 0 - 0.192 ms
GET /user/65b12a13502eeca7e1bb97f9 200 667 - 488.850 ms
OPTIONS /auth/login 204 0 - 0.083 ms
POST /auth/login 200 210 - 1169.366 ms
GET /user/email/adminmeld@gmail.com 200 572 - 757.130 ms
OPTIONS /articles 204 0 - 0.103 ms
OPTIONS /user/role/expert 204 0 - 0.156 ms
OPTIONS /user/role/user 204 0 - 0.130 ms
GET /user/role/expert 200 4349 - 246.755 ms
GET /user/role/user 200 38166 - 511.280 ms
GET /articles 304 - - 755.644 ms
OPTIONS /user/6442533699b8a10f240e68fc 204 0 - 0.123 ms
GET /user/6442533699b8a10f240e68fc 200 572 - 263.606 ms
OPTIONS /articles 204 0 - 0.192 ms
OPTIONS /user/role/expert 204 0 - 0.104 ms
OPTIONS /user/role/user 204 0 - 0.075 ms
GET /user/role/expert 200 4349 - 267.257 ms
GET /user/role/user 200 38166 - 521.522 ms
GET /articles 304 - - 731.559 ms
OPTIONS /utility/queries 204 0 - 0.149 ms
GET /utility/queries 200 165 - 304.044 ms
OPTIONS /articles 204 0 - 0.228 ms
OPTIONS /user/role/expert 204 0 - 0.160 ms
OPTIONS /user/role/user 204 0 - 0.123 ms
GET /user/role/expert 200 4349 - 330.119 ms
GET /user/role/user 200 38166 - 619.578 ms
GET /articles 304 - - 854.076 ms
GET /articles 304 - - 269.186 ms
GET /user/role/expert 200 4349 - 270.961 ms
GET /user/role/user 200 38166 - 530.000 ms
OPTIONS /auth/googleSignIn 204 0 - 3.344 ms
POST /auth/googleSignIn 200 208 - 2023.862 ms
OPTIONS /user/email/likithandavarapuiiits@gmail.com 204 0 - 0.218 ms
GET /user/email/likithandavarapuiiits@gmail.com 200 433 - 716.559 ms
OPTIONS /articles 204 0 - 0.318 ms
OPTIONS /user/role/expert 204 0 - 0.267 ms
OPTIONS /user/role/user 204 0 - 0.204 ms
GET /articles 304 - - 766.817 ms
GET /user/role/expert 200 4349 - 1500.667 ms
GET /user/role/user 200 38600 - 2483.324 ms
OPTIONS /articles 204 0 - 0.591 ms
OPTIONS /user/role/expert 204 0 - 0.114 ms
OPTIONS /user/role/user 204 0 - 0.161 ms
GET /user/role/expert 200 4349 - 270.459 ms
GET /user/role/user 200 38600 - 565.827 ms
GET /articles 304 - - 987.771 ms
OPTIONS /auth/googleSignIn 204 0 - 2.961 ms
POST /auth/googleSignIn 200 208 - 344.305 ms
OPTIONS /user/email/likithandavarapuiiits@gmail.com 204 0 - 0.147 ms
GET /user/email/likithandavarapuiiits@gmail.com 304 - - 882.005 ms
OPTIONS /articles 204 0 - 0.196 ms
OPTIONS /user/role/expert 204 0 - 0.171 ms
OPTIONS /user/role/user 204 0 - 0.166 ms
GET /user/role/expert 200 4349 - 279.281 ms
GET /user/role/user 200 38600 - 638.534 ms
GET /articles 304 - - 999.961 ms
OPTIONS /user/65d39d849da817a6055ccd5b 204 0 - 0.178 ms
PUT /user/65d39d849da817a6055ccd5b 500 1290 - 65.812 ms
