OPTIONS /auth/csrf-token 204 0 - 2.479 ms
GET /auth/csrf-token 200 52 - 5.720 ms
OPTIONS /auth/csrf-token 204 0 - 0.258 ms
GET /auth/csrf-token 200 52 - 1.851 ms
OPTIONS /auth/login 204 0 - 0.464 ms
POST /auth/login 200 210 - 1581.387 ms
GET /user/email/adminmeld@gmail.com 200 572 - 788.211 ms
OPTIONS /articles 204 0 - 0.326 ms
OPTIONS /user/role/user 204 0 - 0.679 ms
OPTIONS /user/role/expert 204 0 - 0.577 ms
GET /user/role/expert 200 5080 - 236.277 ms
GET /user/role/user 200 38586 - 467.411 ms
GET /articles 304 - - 806.761 ms
OPTIONS /auth/csrf-token 204 0 - 0.293 ms
GET /auth/csrf-token 200 52 - 1.604 ms
OPTIONS /articles 204 0 - 0.344 ms
OPTIONS /user/role/expert 204 0 - 0.213 ms
OPTIONS /user/role/user 204 0 - 0.249 ms
GET /auth/csrf-token 200 52 - 0.941 ms
GET /user/role/expert 200 5080 - 232.950 ms
GET /user/role/user 200 38586 - 462.752 ms
GET /articles 304 - - 818.431 ms
OPTIONS /auth/login 204 0 - 0.461 ms
POST /auth/login 200 210 - 1509.879 ms
GET /user/email/adminmeld@gmail.com 200 572 - 782.692 ms
OPTIONS /articles 204 0 - 0.416 ms
OPTIONS /user/role/expert 204 0 - 0.186 ms
OPTIONS /user/role/user 204 0 - 0.220 ms
GET /user/role/expert 200 5080 - 275.600 ms
GET /user/role/user 200 38586 - 464.441 ms
GET /articles 304 - - 699.997 ms
OPTIONS /auth/csrf-token 204 0 - 0.266 ms
GET /auth/csrf-token 200 52 - 2.205 ms
GET /user/role/expert 200 5080 - 263.717 ms
GET /user/role/user 200 38586 - 465.559 ms
GET /articles 304 - - 698.836 ms
GET /auth/csrf-token 200 52 - 0.791 ms
GET /auth/csrf-token 200 52 - 1.141 ms
OPTIONS /auth/csrf-token 204 0 - 0.207 ms
GET /auth/csrf-token 200 52 - 0.671 ms
GET /auth/csrf-token 200 52 - 0.477 ms
GET /user/role/expert 200 5080 - 230.432 ms
GET /user/role/user 200 38586 - 540.602 ms
GET /articles 304 - - 691.423 ms
OPTIONS /auth/login 204 0 - 0.188 ms
POST /auth/login 200 211 - 1401.382 ms
GET /user/email/expert4@gmail.com 200 634 - 688.093 ms
OPTIONS /articles 204 0 - 0.255 ms
OPTIONS /user/role/expert 204 0 - 0.278 ms
OPTIONS /user/role/user 204 0 - 0.180 ms
GET /user/role/expert 200 5080 - 266.042 ms
GET /user/role/user 200 38586 - 461.431 ms
GET /articles 304 - - 697.606 ms
OPTIONS /auth/csrf-token 204 0 - 0.304 ms
GET /auth/csrf-token 200 52 - 0.924 ms
OPTIONS /articles 204 0 - 3.913 ms
OPTIONS /user/role/expert 204 0 - 0.590 ms
OPTIONS /user/role/user 204 0 - 0.283 ms
OPTIONS /auth/csrf-token 204 0 - 0.956 ms
GET /auth/csrf-token 200 52 - 8.382 ms
GET /user/role/expert 200 5080 - 315.826 ms
GET /user/role/user 200 38586 - 474.887 ms
GET /articles 304 - - 858.321 ms
OPTIONS /auth/login 204 0 - 0.442 ms
POST /auth/login 200 210 - 1605.728 ms
GET /user/email/adminmeld@gmail.com 200 572 - 760.952 ms
OPTIONS /articles 204 0 - 0.190 ms
OPTIONS /user/role/user 204 0 - 0.191 ms
OPTIONS /user/role/expert 204 0 - 0.261 ms
GET /user/role/expert 200 5080 - 258.146 ms
GET /user/role/user 200 38586 - 455.712 ms
GET /articles 304 - - 796.264 ms
GET /user/role/expert 200 5080 - 227.295 ms
GET /user/role/user 200 38586 - 501.343 ms
GET /articles 304 - - 770.984 ms
GET /user/role/expert 200 5080 - 294.103 ms
GET /user/role/user 200 38586 - 490.547 ms
GET /articles 304 - - 802.840 ms
GET /user/role/expert 200 5080 - 225.091 ms
GET /user/role/user 200 38586 - 503.483 ms
GET /articles 304 - - 778.303 ms
GET /auth/csrf-token 200 52 - 1.847 ms
OPTIONS /auth/login 204 0 - 0.300 ms
POST /auth/login 200 210 - 1549.378 ms
GET /user/email/adminmeld@gmail.com 200 572 - 901.711 ms
OPTIONS /articles 204 0 - 0.874 ms
OPTIONS /user/role/expert 204 0 - 0.609 ms
OPTIONS /user/role/user 204 0 - 0.294 ms
GET /user/role/expert 200 5080 - 253.957 ms
GET /user/role/user 200 38586 - 439.501 ms
GET /articles 304 - - 768.506 ms
OPTIONS /auth/csrf-token 204 0 - 2.783 ms
GET /auth/csrf-token 200 52 - 7.311 ms
OPTIONS /auth/login 204 0 - 0.466 ms
POST /auth/login 500 21 - 37.885 ms
OPTIONS /auth/csrf-token 204 0 - 0.176 ms
GET /auth/csrf-token 200 52 - 0.975 ms
OPTIONS /auth/csrf-token 204 0 - 0.174 ms
GET /auth/csrf-token 200 52 - 0.551 ms
GET /auth/csrf-token 200 52 - 1.618 ms
GET /auth/csrf-token 200 52 - 1.004 ms
OPTIONS /auth/login 204 0 - 0.178 ms
POST /auth/login 500 21 - 3.100 ms
OPTIONS /auth/csrf-token 204 0 - 0.437 ms
GET /auth/csrf-token 200 52 - 1.055 ms
OPTIONS /auth/csrf-token 204 0 - 0.221 ms
GET /auth/csrf-token 200 52 - 1.155 ms
OPTIONS /articles 204 0 - 0.143 ms
OPTIONS /user/role/expert 204 0 - 0.148 ms
OPTIONS /user/role/user 204 0 - 0.286 ms
GET /auth/csrf-token 200 52 - 1.332 ms
GET /user/role/expert 200 5080 - 257.168 ms
GET /user/role/user 200 38586 - 482.414 ms
GET /articles 304 - - 783.227 ms
OPTIONS /auth/login 204 0 - 0.301 ms
POST /auth/login 500 21 - 4.461 ms
OPTIONS /articles 204 0 - 0.343 ms
OPTIONS /user/role/expert 204 0 - 0.180 ms
OPTIONS /user/role/user 204 0 - 0.156 ms
GET /user/role/expert 200 5080 - 235.569 ms
GET /user/role/user 200 38586 - 499.086 ms
GET /articles 304 - - 772.436 ms
OPTIONS /csrf-token 204 0 - 1.653 ms
GET /csrf-token 404 149 - 6.091 ms
OPTIONS /articles 204 0 - 0.316 ms
OPTIONS /user/role/expert 204 0 - 0.155 ms
OPTIONS /user/role/user 204 0 - 0.132 ms
GET /user/role/expert 200 5080 - 241.623 ms
GET /user/role/user 200 38586 - 511.103 ms
GET /articles 304 - - 781.619 ms
OPTIONS /csrf-token 204 0 - 0.288 ms
GET /csrf-token 404 149 - 1.004 ms
OPTIONS /auth/login 204 0 - 0.347 ms
POST /auth/login 500 21 - 40.738 ms
OPTIONS /articles 204 0 - 2.152 ms
OPTIONS /user/role/expert 204 0 - 0.203 ms
OPTIONS /user/role/user 204 0 - 0.300 ms
GET /user/role/expert 200 5080 - 261.123 ms
GET /user/role/user 200 38586 - 457.978 ms
GET /articles 304 - - 733.734 ms
OPTIONS /csrf-token 204 0 - 0.222 ms
GET /csrf-token 404 149 - 3.119 ms
OPTIONS /auth/login 204 0 - 0.453 ms
POST /auth/login 500 21 - 24.454 ms
OPTIONS /articles 204 0 - 0.243 ms
OPTIONS /user/role/expert 204 0 - 0.243 ms
OPTIONS /user/role/user 204 0 - 0.312 ms
GET /user/role/expert 200 5080 - 228.887 ms
GET /user/role/user 200 38586 - 489.300 ms
GET /articles 304 - - 744.329 ms
OPTIONS /auth/csrf-token 204 0 - 0.365 ms
GET /auth/csrf-token 200 52 - 3.239 ms
OPTIONS /auth/login 204 0 - 0.245 ms
POST /auth/login 500 21 - 12.296 ms
OPTIONS /articles 204 0 - 5.330 ms
OPTIONS /user/role/expert 204 0 - 0.245 ms
OPTIONS /user/role/user 204 0 - 0.253 ms
GET /user/role/expert 200 5080 - 1151.247 ms
GET /user/role/user 200 38586 - 1597.156 ms
GET /articles 304 - - 2796.486 ms
OPTIONS /auth/csrf-token 204 0 - 0.397 ms
GET /auth/csrf-token 200 52 - 3.679 ms
OPTIONS /auth/login 204 0 - 0.201 ms
POST /auth/login 200 210 - 1450.529 ms
GET /user/email/adminmeld@gmail.com 200 572 - 712.652 ms
OPTIONS /articles 204 0 - 0.189 ms
OPTIONS /user/role/expert 204 0 - 0.176 ms
OPTIONS /user/role/user 204 0 - 0.286 ms
GET /user/role/expert 200 5080 - 556.359 ms
GET /user/role/user 200 38586 - 758.131 ms
GET /articles 304 - - 1006.350 ms
OPTIONS /auth/csrf-token 204 0 - 0.227 ms
GET /auth/csrf-token 200 52 - 2.221 ms
OPTIONS /auth/login 204 0 - 0.524 ms
POST /auth/login 200 210 - 1515.675 ms
GET /user/email/adminmeld@gmail.com 200 572 - 748.073 ms
OPTIONS /articles 204 0 - 0.338 ms
OPTIONS /user/role/user 204 0 - 0.415 ms
OPTIONS /user/role/expert 204 0 - 0.323 ms
GET /user/role/expert 200 5080 - 240.842 ms
GET /user/role/user 200 38586 - 469.057 ms
GET /articles 304 - - 718.662 ms
OPTIONS /auth/csrf-token 204 0 - 0.159 ms
GET /auth/csrf-token 200 52 - 0.778 ms
OPTIONS /auth/login 204 0 - 0.459 ms
POST /auth/login 200 210 - 1438.858 ms
GET /user/email/adminmeld@gmail.com 200 572 - 704.681 ms
OPTIONS /articles 204 0 - 0.275 ms
OPTIONS /user/role/user 204 0 - 0.191 ms
OPTIONS /user/role/expert 204 0 - 0.164 ms
GET /user/role/expert 200 5080 - 240.120 ms
GET /user/role/user 200 38586 - 463.327 ms
GET /articles 304 - - 729.252 ms
OPTIONS /auth/csrf-token 204 0 - 1.646 ms
GET /auth/csrf-token 200 52 - 3.957 ms
OPTIONS /auth/csrf-token 204 0 - 0.084 ms
GET /auth/csrf-token 200 52 - 0.606 ms
OPTIONS /auth/csrf-token 204 0 - 0.174 ms
OPTIONS /auth/csrf-token 204 0 - 0.091 ms
GET /auth/csrf-token 200 52 - 0.528 ms
GET /auth/csrf-token 200 52 - 0.415 ms
GET /auth/csrf-token 200 52 - 0.956 ms
GET /auth/csrf-token 200 52 - 1.357 ms
OPTIONS /auth/csrf-token 204 0 - 0.278 ms
OPTIONS /auth/csrf-token 204 0 - 0.139 ms
GET /auth/csrf-token 200 52 - 0.918 ms
GET /auth/csrf-token 200 52 - 0.724 ms
OPTIONS /auth/csrf-token 204 0 - 0.095 ms
OPTIONS /auth/csrf-token 204 0 - 2.311 ms
GET /auth/csrf-token 200 52 - 0.617 ms
GET /auth/csrf-token 200 52 - 0.342 ms
OPTIONS /auth/csrf-token 204 0 - 0.114 ms
GET /auth/csrf-token 200 52 - 0.448 ms
OPTIONS /auth/csrf-token 204 0 - 0.166 ms
GET /auth/csrf-token 200 52 - 0.660 ms
OPTIONS /auth/csrf-token 204 0 - 0.159 ms
OPTIONS /auth/csrf-token 204 0 - 1.854 ms
GET /auth/csrf-token 200 52 - 0.360 ms
GET /auth/csrf-token 200 52 - 0.780 ms
OPTIONS /articles 204 0 - 0.347 ms
OPTIONS /user/role/expert 204 0 - 0.120 ms
OPTIONS /user/role/user 204 0 - 0.210 ms
OPTIONS /auth/csrf-token 204 0 - 0.206 ms
GET /auth/csrf-token 200 52 - 0.827 ms
GET /user/role/expert 200 5080 - 248.005 ms
GET /user/role/user 200 38586 - 480.453 ms
GET /articles 304 - - 734.564 ms
OPTIONS /auth/login 204 0 - 0.241 ms
POST /auth/login 200 210 - 1467.184 ms
GET /user/email/adminmeld@gmail.com 200 572 - 696.154 ms
OPTIONS /articles 204 0 - 0.244 ms
OPTIONS /user/role/expert 204 0 - 0.153 ms
OPTIONS /user/role/user 204 0 - 0.261 ms
GET /user/role/expert 200 5080 - 243.867 ms
GET /user/role/user 200 38586 - 462.361 ms
GET /articles 304 - - 726.774 ms
OPTIONS /auth/csrf-token 204 0 - 0.186 ms
GET /auth/csrf-token 200 52 - 2.250 ms
OPTIONS /auth/csrf-token 204 0 - 0.279 ms
GET /auth/csrf-token 200 52 - 0.474 ms
OPTIONS /auth/login 204 0 - 0.161 ms
POST /auth/login 200 210 - 1435.679 ms
GET /user/email/adminmeld@gmail.com 200 572 - 697.653 ms
OPTIONS /articles 204 0 - 0.556 ms
OPTIONS /user/role/expert 204 0 - 0.164 ms
OPTIONS /user/role/user 204 0 - 0.111 ms
GET /user/role/expert 200 5080 - 235.129 ms
GET /user/role/user 200 38586 - 480.274 ms
GET /articles 304 - - 723.352 ms
OPTIONS /auth/csrf-token 204 0 - 0.100 ms
GET /auth/csrf-token 200 52 - 0.346 ms
OPTIONS /auth/csrf-token 204 0 - 0.186 ms
GET /auth/csrf-token 200 52 - 0.581 ms
OPTIONS /auth/csrf-token 204 0 - 0.183 ms
GET /auth/csrf-token 200 52 - 0.774 ms
OPTIONS /auth/login 204 0 - 0.189 ms
POST /auth/login 200 210 - 1439.562 ms
GET /user/email/adminmeld@gmail.com 200 572 - 697.627 ms
OPTIONS /articles 204 0 - 0.160 ms
OPTIONS /user/role/expert 204 0 - 0.124 ms
OPTIONS /user/role/user 204 0 - 0.212 ms
GET /user/role/expert 200 5080 - 242.095 ms
GET /user/role/user 200 38586 - 467.716 ms
GET /articles 304 - - 726.631 ms
OPTIONS /auth/csrf-token 204 0 - 0.204 ms
GET /auth/csrf-token 200 52 - 0.627 ms
OPTIONS /auth/login 204 0 - 0.284 ms
POST /auth/login 200 211 - 1445.952 ms
GET /user/email/expert4@gmail.com 200 634 - 707.998 ms
OPTIONS /articles 204 0 - 0.151 ms
OPTIONS /user/role/expert 204 0 - 0.200 ms
OPTIONS /user/role/user 204 0 - 0.177 ms
GET /user/role/expert 200 5080 - 233.226 ms
GET /user/role/user 200 38586 - 474.468 ms
GET /articles - - - - ms
OPTIONS /articles 204 0 - 3.508 ms
OPTIONS /user/role/expert 204 0 - 1.182 ms
OPTIONS /user/role/user 204 0 - 0.470 ms
GET /user/role/expert 200 5080 - 242.894 ms
GET /articles 200 85053 - 809.363 ms
GET /user/role/user 200 38586 - 1007.482 ms
OPTIONS /auth/csrf-token 204 0 - 0.387 ms
GET /auth/csrf-token 200 52 - 8.041 ms
OPTIONS /auth/login 204 0 - 0.183 ms
POST /auth/login 200 210 - 1622.542 ms
GET /user/email/adminmeld@gmail.com 200 572 - 1051.478 ms
OPTIONS /articles 204 0 - 0.291 ms
OPTIONS /user/role/expert 204 0 - 0.209 ms
OPTIONS /user/role/user 204 0 - 0.276 ms
GET /user/role/expert 200 5080 - 263.205 ms
GET /user/role/user 200 38586 - 461.436 ms
GET /articles 304 - - 1530.859 ms
OPTIONS /auth/csrf-token 204 0 - 0.422 ms
GET /auth/csrf-token 200 52 - 2.711 ms
OPTIONS /auth/csrf-token 204 0 - 0.518 ms
GET /auth/csrf-token 200 52 - 0.664 ms
OPTIONS /auth/csrf-token 204 0 - 0.377 ms
GET /auth/csrf-token 200 52 - 0.537 ms
OPTIONS /auth/csrf-token 204 0 - 0.333 ms
GET /auth/csrf-token 200 52 - 0.844 ms
OPTIONS /auth/login 204 0 - 0.335 ms
POST /auth/login 200 210 - 1767.016 ms
GET /user/email/adminmeld@gmail.com 200 572 - 1211.908 ms
OPTIONS /articles 204 0 - 0.253 ms
OPTIONS /user/role/expert 204 0 - 0.279 ms
OPTIONS /user/role/user 204 0 - 0.334 ms
GET /user/role/expert 200 5080 - 351.841 ms
GET /user/role/user 200 38586 - 686.373 ms
GET /articles 304 - - 971.189 ms
OPTIONS /auth/csrf-token 204 0 - 2.239 ms
GET /auth/csrf-token 200 52 - 3.503 ms
OPTIONS /auth/csrf-token 204 0 - 0.248 ms
GET /auth/csrf-token 200 52 - 1.196 ms
OPTIONS /articles 204 0 - 0.304 ms
OPTIONS /user/role/expert 204 0 - 0.202 ms
OPTIONS /user/role/user 204 0 - 0.189 ms
OPTIONS /auth/csrf-token 204 0 - 0.218 ms
GET /auth/csrf-token 200 52 - 8.994 ms
GET /user/role/expert 200 5080 - 288.876 ms
GET /user/role/user 200 38586 - 578.274 ms
GET /articles 304 - - 815.677 ms
OPTIONS /auth/login 204 0 - 0.259 ms
POST /auth/login 500 21 - 37.103 ms
OPTIONS /auth/login 204 0 - 0.670 ms
POST /auth/login 500 21 - 6.418 ms
OPTIONS /auth/csrf-token 204 0 - 0.225 ms
GET /auth/csrf-token 200 52 - 0.898 ms
OPTIONS /articles 204 0 - 0.347 ms
OPTIONS /user/role/expert 204 0 - 0.323 ms
OPTIONS /user/role/user 204 0 - 0.228 ms
GET /auth/csrf-token 200 52 - 1.677 ms
GET /user/role/expert 200 5080 - 317.995 ms
GET /user/role/user 200 38586 - 583.275 ms
GET /articles 304 - - 880.370 ms
OPTIONS /auth/login 204 0 - 0.248 ms
POST /auth/login 500 21 - 4.292 ms
OPTIONS /articles 204 0 - 0.359 ms
OPTIONS /user/role/expert 204 0 - 0.254 ms
OPTIONS /user/role/user 204 0 - 0.239 ms
OPTIONS /auth/csrf-token 204 0 - 0.198 ms
GET /auth/csrf-token 200 52 - 1.117 ms
GET /user/role/expert 200 5080 - 245.165 ms
GET /user/role/user 200 38586 - 488.606 ms
GET /articles 304 - - 783.029 ms
OPTIONS /auth/login 204 0 - 2.973 ms
POST /auth/login 200 210 - 1104.237 ms
GET /user/email/adminmeld@gmail.com 200 572 - 771.557 ms
OPTIONS /articles 204 0 - 0.353 ms
OPTIONS /user/role/expert 204 0 - 0.359 ms
OPTIONS /user/role/user 204 0 - 0.256 ms
GET /user/role/expert 200 5080 - 256.403 ms
GET /user/role/user 200 38586 - 446.786 ms
GET /articles 304 - - 795.115 ms
OPTIONS /articles 204 0 - 0.965 ms
OPTIONS /user/role/expert 204 0 - 0.220 ms
OPTIONS /user/role/user 204 0 - 0.199 ms
GET /user/role/expert 200 5080 - 234.010 ms
GET /user/role/user 200 38586 - 514.113 ms
GET /articles 304 - - 798.332 ms
OPTIONS /auth/csrf-token 204 0 - 0.390 ms
GET /auth/csrf-token 200 52 - 3.998 ms
OPTIONS /auth/login 204 0 - 0.355 ms
POST /auth/login 200 210 - 1533.931 ms
GET /user/email/adminmeld@gmail.com 200 572 - 774.657 ms
OPTIONS /articles 204 0 - 0.636 ms
OPTIONS /user/role/expert 204 0 - 0.312 ms
OPTIONS /user/role/user 204 0 - 0.247 ms
GET /user/role/expert 200 5080 - 254.683 ms
GET /user/role/user 200 38586 - 452.105 ms
GET /articles 304 - - 839.091 ms
OPTIONS /auth/csrf-token 204 0 - 3.611 ms
GET /auth/csrf-token 200 52 - 6.433 ms
OPTIONS /auth/login 204 0 - 0.356 ms
POST /auth/login 200 210 - 1588.739 ms
GET /user/email/adminmeld@gmail.com 200 572 - 792.830 ms
OPTIONS /articles 204 0 - 0.366 ms
OPTIONS /user/role/expert 204 0 - 0.178 ms
OPTIONS /user/role/user 204 0 - 0.143 ms
GET /user/role/expert 200 5080 - 287.142 ms
GET /user/role/user 200 38586 - 557.620 ms
GET /articles 304 - - 810.166 ms
OPTIONS /csrf-token 204 0 - 3.075 ms
GET /csrf-token 200 52 - 6.055 ms
OPTIONS /auth/login 204 0 - 0.740 ms
POST /auth/login 200 210 - 1515.732 ms
GET /user/email/adminmeld@gmail.com 200 572 - 829.733 ms
OPTIONS /articles 204 0 - 0.727 ms
OPTIONS /user/role/expert 204 0 - 0.212 ms
OPTIONS /user/role/user 204 0 - 0.390 ms
GET /user/role/expert 200 5080 - 430.641 ms
POST /auth/login 200 210 - 1572.020 ms
GET /articles 304 - - 818.784 ms
GET /user/role/expert 200 5080 - 303.289 ms
GET /articles 304 - - 539.434 ms
GET /user/email/adminmeld@gmail.com 200 572 - 929.029 ms
GET /user/role/expert 200 5080 - 400.623 ms
GET /user/role/user 200 38586 - 2424.819 ms
GET /articles 304 - - 1343.425 ms
GET /user/role/user 200 38586 - 685.082 ms
GET /user/role/user 200 38586 - 243.758 ms
OPTIONS /utility/contact 204 0 - 0.252 ms
POST /utility/contact 401 43 - 2.322 ms
OPTIONS /csrf-token 204 0 - 0.341 ms
GET /csrf-token 200 52 - 1.576 ms
OPTIONS /auth/login 204 0 - 0.270 ms
POST /auth/login 200 211 - 1533.644 ms
GET /user/email/expert4@gmail.com 200 634 - 823.025 ms
OPTIONS /articles 204 0 - 0.292 ms
OPTIONS /user/role/expert 204 0 - 0.576 ms
OPTIONS /user/role/user 204 0 - 0.363 ms
GET /user/role/expert 200 5080 - 225.169 ms
GET /user/role/user 200 38586 - 469.214 ms
GET /articles 304 - - 726.765 ms
OPTIONS /utility/contact 204 0 - 0.266 ms
POST /utility/contact 401 43 - 1.137 ms
OPTIONS /articles 204 0 - 0.201 ms
OPTIONS /user/role/expert 204 0 - 0.207 ms
OPTIONS /user/role/user 204 0 - 0.146 ms
GET /user/role/expert 200 5080 - 263.587 ms
GET /user/role/user 200 38586 - 533.920 ms
GET /articles 304 - - 778.225 ms
OPTIONS /utility/contact 204 0 - 0.196 ms
POST /utility/contact 200 16 - 421.866 ms
OPTIONS /utility/contact 204 0 - 0.154 ms
POST /utility/contact 200 16 - 265.787 ms
OPTIONS /articles 204 0 - 1.243 ms
OPTIONS /user/role/expert 204 0 - 0.084 ms
OPTIONS /user/role/user 204 0 - 0.141 ms
GET /user/role/expert 200 5080 - 270.432 ms
GET /user/role/user 200 38586 - 524.699 ms
GET /articles 304 - - 806.798 ms
OPTIONS /utility/contact 204 0 - 0.254 ms
POST /utility/contact 200 16 - 256.084 ms
OPTIONS /csrf-token 204 0 - 3.296 ms
GET /csrf-token 404 149 - 6.086 ms
OPTIONS /articles 204 0 - 0.653 ms
OPTIONS /user/role/expert 204 0 - 0.211 ms
OPTIONS /user/role/user 204 0 - 0.193 ms
GET /csrf-token 404 149 - 1.199 ms
GET /user/role/expert 200 5080 - 348.127 ms
GET /user/role/user 200 38586 - 660.530 ms
GET /articles 304 - - 929.055 ms
OPTIONS /auth/csrf-token 204 0 - 0.376 ms
GET /auth/csrf-token 200 52 - 2.475 ms
OPTIONS /auth/csrf-token 204 0 - 0.227 ms
GET /auth/csrf-token 200 52 - 1.491 ms
GET /auth/csrf-token 200 52 - 1.893 ms
OPTIONS /articles 204 0 - 0.392 ms
OPTIONS /user/role/expert 204 0 - 0.292 ms
OPTIONS /user/role/user 204 0 - 0.217 ms
OPTIONS /auth/csrf-token 204 0 - 0.512 ms
GET /auth/csrf-token 200 52 - 1.377 ms
GET /user/role/expert 200 5080 - 284.982 ms
GET /user/role/user 200 38586 - 489.506 ms
GET /articles 304 - - 834.595 ms
OPTIONS /auth/login 204 0 - 2.780 ms
POST /auth/login 200 210 - 1875.687 ms
GET /user/email/adminmeld@gmail.com 200 572 - 983.598 ms
OPTIONS /articles 204 0 - 0.590 ms
OPTIONS /user/role/expert 204 0 - 0.310 ms
OPTIONS /user/role/user 204 0 - 0.275 ms
GET /user/role/expert 200 5080 - 332.177 ms
GET /user/role/user 200 38586 - 685.704 ms
GET /articles 304 - - 960.391 ms
OPTIONS /auth/csrf-token 204 0 - 0.267 ms
GET /auth/csrf-token 200 52 - 5.104 ms
OPTIONS /auth/forgotpassword 204 0 - 0.307 ms
POST /auth/forgotpassword 200 46 - 4797.119 ms
OPTIONS /auth/passwordchange 204 0 - 0.421 ms
POST /auth/passwordchange 200 16 - 1121.516 ms
OPTIONS /auth/csrf-token 204 0 - 0.232 ms
GET /auth/csrf-token 200 52 - 1.642 ms
OPTIONS /articles 204 0 - 0.219 ms
OPTIONS /user/role/expert 204 0 - 0.601 ms
OPTIONS /user/role/user 204 0 - 0.164 ms
OPTIONS /auth/csrf-token 204 0 - 0.205 ms
GET /auth/csrf-token 200 52 - 0.696 ms
GET /user/role/expert 200 5080 - 365.912 ms
GET /user/role/user 200 38586 - 769.954 ms
GET /articles 304 - - 1765.844 ms
OPTIONS /auth/csrf-token 204 0 - 1.824 ms
GET /auth/csrf-token 200 52 - 3.645 ms
GET /auth/csrf-token 200 52 - 1.769 ms
GET /auth/csrf-token 200 52 - 0.617 ms
OPTIONS /auth/csrf-token 204 0 - 0.381 ms
GET /auth/csrf-token 200 52 - 0.577 ms
OPTIONS /articles 204 0 - 6.049 ms
OPTIONS /user/role/expert 204 0 - 0.414 ms
OPTIONS /user/role/user 204 0 - 0.174 ms
OPTIONS /auth/csrf-token 204 0 - 0.400 ms
GET /auth/csrf-token 200 52 - 6.251 ms
GET /user/role/expert 200 5080 - 319.416 ms
GET /user/role/user 200 38586 - 581.678 ms
GET /articles 304 - - 919.136 ms
OPTIONS /auth/login 204 0 - 0.133 ms
POST /auth/login 500 21 - 22.254 ms
OPTIONS /auth/csrf-token 204 0 - 0.147 ms
GET /auth/csrf-token 200 52 - 0.509 ms
OPTIONS /auth/csrf-token 204 0 - 0.124 ms
GET /auth/csrf-token 200 52 - 0.325 ms
OPTIONS /articles 204 0 - 5.375 ms
OPTIONS /user/role/expert 204 0 - 0.348 ms
OPTIONS /user/role/user 204 0 - 0.185 ms
OPTIONS /auth/csrf-token 204 0 - 0.160 ms
GET /user/role/expert 200 5080 - 355.521 ms
GET /user/role/user 200 38586 - 616.297 ms
GET /articles 304 - - 962.473 ms
OPTIONS /auth/login 204 0 - 0.254 ms
OPTIONS /auth/login 204 0 - 0.249 ms
OPTIONS /auth/csrf-token 204 0 - 0.369 ms
OPTIONS /auth/csrf-token 204 0 - 0.353 ms
OPTIONS /auth/csrf-token 204 0 - 0.178 ms
POST /auth/login - - - - ms
OPTIONS /auth/csrf-token 204 0 - 0.563 ms
POST /auth/login - - - - ms
POST /auth/login - - - - ms
OPTIONS /auth/csrf-token 204 0 - 0.197 ms
GET /auth/csrf-token - - - - ms
GET /auth/csrf-token - - - - ms
GET /auth/csrf-token - - - - ms
OPTIONS /articles 204 0 - 0.344 ms
OPTIONS /user/role/expert 204 0 - 0.184 ms
OPTIONS /user/role/user 204 0 - 0.406 ms
GET /user/role/expert 200 5080 - 353.586 ms
GET /user/role/user 200 38586 - 767.831 ms
GET /articles 304 - - 1037.048 ms
OPTIONS /auth/login 204 0 - 0.494 ms
POST /auth/login - - - - ms
GET /auth/csrf-token - - - - ms
OPTIONS /articles 204 0 - 1.435 ms
OPTIONS /user/role/expert 204 0 - 0.197 ms
OPTIONS /user/role/user 204 0 - 0.196 ms
GET /user/role/expert 200 5080 - 330.533 ms
GET /user/role/user 200 38586 - 598.237 ms
GET /articles 304 - - 860.409 ms
OPTIONS /auth/csrf-token 204 0 - 0.272 ms
OPTIONS /auth/csrf-token 204 0 - 0.183 ms
OPTIONS /auth/csrf-token 204 0 - 0.175 ms
GET /auth/csrf-token - - - - ms
GET /auth/csrf-token - - - - ms
OPTIONS /articles 204 0 - 0.438 ms
OPTIONS /user/role/expert 204 0 - 0.173 ms
OPTIONS /user/role/user 204 0 - 0.259 ms
OPTIONS /auth/csrf-token 204 0 - 0.188 ms
GET /user/role/expert 200 5080 - 282.061 ms
GET /user/role/user 200 38586 - 634.670 ms
GET /articles 304 - - 835.189 ms
OPTIONS /articles 204 0 - 3.295 ms
OPTIONS /user/role/expert 204 0 - 0.533 ms
OPTIONS /user/role/user 204 0 - 0.267 ms
OPTIONS /auth/csrf-token 204 0 - 0.421 ms
GET /auth/csrf-token 200 52 - 21.014 ms
GET /user/role/expert 200 5080 - 354.394 ms
GET /user/role/user 200 38586 - 643.074 ms
GET /articles 304 - - 1023.148 ms
OPTIONS /auth/login 204 0 - 0.226 ms
POST /auth/login 500 21 - 35.496 ms
OPTIONS /articles 204 0 - 3.228 ms
OPTIONS /user/role/expert 204 0 - 0.425 ms
OPTIONS /auth/csrf-token 204 0 - 0.640 ms
OPTIONS /user/role/user 204 0 - 0.303 ms
GET /auth/csrf-token 500 21 - 11.343 ms
GET /user/role/expert 200 5080 - 2555.425 ms
GET /user/role/user 200 38586 - 2972.740 ms
GET /articles 304 - - 4917.542 ms
OPTIONS /auth/login 204 0 - 0.179 ms
POST /auth/login 500 21 - 25.590 ms
OPTIONS /articles 204 0 - 1.439 ms
OPTIONS /user/role/expert 204 0 - 0.348 ms
OPTIONS /user/role/user 204 0 - 0.171 ms
OPTIONS /auth/csrf-token 204 0 - 0.445 ms
GET /auth/csrf-token 200 52 - 8.257 ms
GET /user/role/expert 200 5080 - 2649.609 ms
GET /articles 304 - - 3359.149 ms
GET /user/role/user 200 38586 - 3359.746 ms
OPTIONS /articles 204 0 - 2.738 ms
OPTIONS /user/role/expert 204 0 - 0.549 ms
OPTIONS /user/role/user 204 0 - 0.257 ms
OPTIONS /auth/csrf-token 204 0 - 0.301 ms
GET /auth/csrf-token 200 52 - 23.798 ms
GET /user/role/expert 200 5080 - 369.106 ms
GET /user/role/user 200 38586 - 710.697 ms
GET /articles 304 - - 968.337 ms
OPTIONS /auth/login 204 0 - 2.149 ms
POST /auth/login 500 21 - 33.890 ms
OPTIONS /auth/csrf-token 204 0 - 0.154 ms
GET /auth/csrf-token 200 52 - 1.072 ms
OPTIONS /articles 204 0 - 0.348 ms
OPTIONS /user/role/user 204 0 - 0.218 ms
OPTIONS /user/role/expert 204 0 - 0.248 ms
OPTIONS /auth/csrf-token 204 0 - 0.631 ms
GET /auth/csrf-token 200 52 - 3.969 ms
GET /user/role/expert 200 5080 - 361.860 ms
GET /user/role/user 200 38586 - 718.257 ms
GET /articles 304 - - 1082.892 ms
OPTIONS /auth/login 204 0 - 0.472 ms
POST /auth/login 500 21 - 17.014 ms
OPTIONS /auth/csrf-token 204 0 - 0.405 ms
GET /auth/csrf-token 200 52 - 1.498 ms
OPTIONS /articles 204 0 - 0.388 ms
OPTIONS /user/role/expert 204 0 - 0.226 ms
OPTIONS /user/role/user 204 0 - 0.204 ms
OPTIONS /auth/csrf-token 204 0 - 0.565 ms
GET /auth/csrf-token 200 52 - 1.713 ms
GET /user/role/expert 200 5080 - 408.842 ms
GET /user/role/user 200 38586 - 791.338 ms
GET /articles 304 - - 1197.070 ms
GET /auth/csrf-token 200 52 - 3.237 ms
OPTIONS /auth/login 204 0 - 0.254 ms
POST /auth/login 500 21 - 2.635 ms
OPTIONS /articles 204 0 - 0.361 ms
OPTIONS /user/role/expert 204 0 - 0.271 ms
OPTIONS /user/role/user 204 0 - 0.265 ms
OPTIONS /auth/csrf-token 204 0 - 0.198 ms
GET /auth/csrf-token 200 52 - 1.325 ms
GET /user/role/expert 200 5080 - 298.406 ms
GET /user/role/user 200 38586 - 547.375 ms
GET /articles 304 - - 910.098 ms
OPTIONS /auth/login 204 0 - 0.235 ms
POST /auth/login 500 21 - 5.635 ms
OPTIONS /auth/csrf-token 204 0 - 0.279 ms
GET /auth/csrf-token 200 52 - 2.079 ms
OPTIONS /auth/csrf-token 204 0 - 0.262 ms
GET /auth/csrf-token 200 52 - 1.479 ms
GET /auth/csrf-token 200 52 - 1.191 ms
OPTIONS /articles 204 0 - 0.288 ms
OPTIONS /user/role/expert 204 0 - 0.357 ms
OPTIONS /user/role/user 204 0 - 0.204 ms
OPTIONS /auth/csrf-token 204 0 - 1.994 ms
GET /auth/csrf-token 200 52 - 8.315 ms
GET /user/role/expert 200 5080 - 290.201 ms
GET /user/role/user 200 38586 - 622.644 ms
GET /articles 304 - - 947.241 ms
OPTIONS /auth/login 204 0 - 2.437 ms
OPTIONS /auth/login 204 0 - 0.244 ms
OPTIONS /articles 204 0 - 0.246 ms
OPTIONS /user/role/expert 204 0 - 0.278 ms
OPTIONS /user/role/user 204 0 - 0.221 ms
OPTIONS /auth/csrf-token 204 0 - 0.497 ms
GET /auth/csrf-token 200 52 - 2.827 ms
GET /user/role/expert 200 5080 - 301.184 ms
GET /user/role/user 200 38586 - 600.269 ms
GET /articles 304 - - 944.199 ms
OPTIONS /auth/login 204 0 - 0.228 ms
OPTIONS /auth/login 204 0 - 2.425 ms
OPTIONS /auth/csrf-token 204 0 - 1.647 ms
GET /auth/csrf-token 200 52 - 10.744 ms
OPTIONS /auth/login 204 0 - 0.417 ms
POST /auth/login 500 21 - 27.584 ms
OPTIONS /auth/csrf-token 204 0 - 0.282 ms
GET /auth/csrf-token 200 52 - 1.800 ms
OPTIONS /auth/csrf-token 204 0 - 0.249 ms
GET /auth/csrf-token 200 52 - 1.360 ms
OPTIONS /auth/login 204 0 - 0.342 ms
POST /auth/login 500 21 - 11.645 ms
OPTIONS /articles 204 0 - 2.703 ms
OPTIONS /user/role/user 204 0 - 0.764 ms
OPTIONS /user/role/expert 204 0 - 0.285 ms
OPTIONS /auth/csrf-token 204 0 - 0.446 ms
GET /auth/csrf-token 200 52 - 6.847 ms
GET /user/role/expert 200 5080 - 3845.817 ms
GET /user/role/user 200 38586 - 4349.753 ms
GET /articles 304 - - 5806.747 ms
OPTIONS /auth/login 204 0 - 0.410 ms
POST /auth/login 400 32 - 2204.323 ms
OPTIONS /auth/login 204 0 - 0.212 ms
POST /auth/login 400 32 - 1939.458 ms
OPTIONS /articles 204 0 - 0.201 ms
OPTIONS /user/role/expert 204 0 - 0.174 ms
OPTIONS /user/role/user 204 0 - 0.156 ms
OPTIONS /auth/csrf-token 204 0 - 0.402 ms
GET /auth/csrf-token 200 52 - 1.741 ms
GET /user/role/expert 200 5080 - 998.782 ms
GET /user/role/user 200 38586 - 1909.528 ms
GET /articles 304 - - 6338.351 ms
OPTIONS /auth/login 204 0 - 0.467 ms
POST /auth/login 200 210 - 1590.729 ms
GET /user/email/adminmeld@gmail.com 200 572 - 1113.438 ms
OPTIONS /articles 204 0 - 0.242 ms
OPTIONS /user/role/expert 204 0 - 0.366 ms
OPTIONS /user/role/user 204 0 - 0.332 ms
GET /user/role/expert 200 5080 - 338.509 ms
GET /user/role/user 200 38586 - 655.856 ms
GET /articles 304 - - 3229.493 ms
OPTIONS /articles 204 0 - 0.289 ms
OPTIONS /user/role/expert 204 0 - 0.233 ms
OPTIONS /user/role/user 204 0 - 0.201 ms
GET /user/role/expert 200 5080 - 390.846 ms
GET /user/role/user 200 38586 - 1250.894 ms
GET /articles 304 - - 1744.864 ms
OPTIONS /auth/csrf-token 204 0 - 0.287 ms
GET /auth/csrf-token 200 52 - 5.027 ms
OPTIONS /auth/login 204 0 - 0.269 ms
POST /auth/login 200 210 - 1622.577 ms
GET /user/email/adminmeld@gmail.com 200 572 - 1200.871 ms
OPTIONS /articles 204 0 - 0.170 ms
OPTIONS /user/role/user 204 0 - 0.195 ms
OPTIONS /user/role/expert 204 0 - 0.197 ms
GET /user/role/expert 200 5080 - 496.960 ms
GET /user/role/user 200 38586 - 874.352 ms
GET /articles 304 - - 1374.331 ms
OPTIONS /articles/topic/health/page/1 204 0 - 0.199 ms
GET /articles/topic/health/page/1 200 22615 - 920.742 ms
OPTIONS /articles/topic/health/page/2 204 0 - 0.255 ms
GET /articles/topic/health/page/2 200 2642 - 391.616 ms
OPTIONS /articles/comments/6436c7e0179657911b27ec14 204 0 - 0.192 ms
OPTIONS /articles/6436c7e0179657911b27ec14 204 0 - 0.231 ms
GET /articles/6436c7e0179657911b27ec14 200 2640 - 539.809 ms
GET /articles/comments/6436c7e0179657911b27ec14 200 2 - 567.974 ms
OPTIONS /articles/liked/6436c7e0179657911b27ec14 204 0 - 0.162 ms
POST /articles/liked/6436c7e0179657911b27ec14 200 16 - 983.236 ms
OPTIONS /articles 204 0 - 0.155 ms
OPTIONS /user/role/expert 204 0 - 0.127 ms
OPTIONS /user/role/user 204 0 - 0.150 ms
GET /user/role/expert 200 5080 - 449.598 ms
GET /articles 200 85080 - 1846.839 ms
GET /user/role/user 200 38586 - 3127.989 ms
OPTIONS /auth/login 204 0 - 1.469 ms
POST /auth/login 500 21 - 26.596 ms
OPTIONS /auth/login 204 0 - 0.365 ms
POST /auth/login 500 21 - 15.884 ms
OPTIONS /articles 204 0 - 2.168 ms
OPTIONS /user/role/expert 204 0 - 0.558 ms
OPTIONS /user/role/user 204 0 - 0.215 ms
GET /user/role/expert 200 5080 - 421.826 ms
GET /articles 304 - - 2427.498 ms
GET /user/role/user 200 38586 - 2853.968 ms
OPTIONS /auth/login 204 0 - 0.164 ms
POST /auth/login 200 210 - 3122.840 ms
GET /user/email/adminmeld@gmail.com 200 572 - 2352.367 ms
OPTIONS /articles 204 0 - 0.354 ms
OPTIONS /user/role/expert 204 0 - 0.215 ms
OPTIONS /user/role/user 204 0 - 0.216 ms
GET /user/role/expert 200 5080 - 423.515 ms
GET /user/role/user 200 38586 - 863.505 ms
GET /articles 304 - - 6283.462 ms
OPTIONS /articles 204 0 - 0.250 ms
OPTIONS /user/role/expert 204 0 - 0.258 ms
OPTIONS /user/role/user 204 0 - 0.456 ms
GET /user/role/expert 200 5080 - 427.498 ms
GET /user/role/user 200 38586 - 1226.379 ms
GET /articles 304 - - 1641.219 ms
OPTIONS /articles 204 0 - 0.340 ms
OPTIONS /user/role/expert 204 0 - 0.162 ms
OPTIONS /user/role/user 204 0 - 0.156 ms
GET /user/role/expert 200 5080 - 470.140 ms
GET /user/role/user 200 38586 - 2123.171 ms
GET /articles 304 - - 4225.896 ms
OPTIONS /articles 204 0 - 0.255 ms
OPTIONS /user/role/expert 204 0 - 0.187 ms
OPTIONS /user/role/user 204 0 - 0.401 ms
GET /user/role/expert 200 5080 - 325.314 ms
GET /user/role/user 200 38586 - 1021.246 ms
OPTIONS /user/6442533699b8a10f240e68fc 204 0 - 0.187 ms
GET /articles 304 - - 4375.702 ms
GET /user/6442533699b8a10f240e68fc 200 572 - 5478.173 ms
OPTIONS /articles 204 0 - 0.127 ms
OPTIONS /user/role/expert 204 0 - 0.117 ms
OPTIONS /user/role/user 204 0 - 0.088 ms
GET /user/role/expert 200 5080 - 414.865 ms
GET /user/role/user 200 38586 - 1242.377 ms
GET /articles 304 - - 2104.672 ms
GET /user/role/expert 200 5080 - 448.959 ms
GET /articles 304 - - 2100.447 ms
GET /user/role/user 200 38586 - 2106.418 ms
OPTIONS /articles 204 0 - 6.018 ms
OPTIONS /user/role/expert 204 0 - 0.559 ms
OPTIONS /user/role/user 204 0 - 0.264 ms
GET /user/role/expert 200 5080 - 345.032 ms
GET /user/role/user 200 38586 - 670.274 ms
GET /articles 304 - - 1157.802 ms
OPTIONS /auth/login 204 0 - 0.341 ms
POST /auth/login 200 210 - 2800.344 ms
GET /user/email/adminmeld@gmail.com 200 572 - 1148.538 ms
OPTIONS /articles 204 0 - 0.528 ms
OPTIONS /user/role/expert 204 0 - 0.261 ms
OPTIONS /user/role/user 204 0 - 0.272 ms
GET /user/role/expert 200 5080 - 349.779 ms
GET /user/role/user 200 38586 - 668.133 ms
GET /articles 304 - - 1019.406 ms
OPTIONS /articles 204 0 - 0.284 ms
OPTIONS /user/role/expert 204 0 - 0.323 ms
OPTIONS /user/role/user 204 0 - 0.401 ms
GET /user/role/expert 200 5080 - 311.312 ms
GET /user/role/user 200 38586 - 523.432 ms
GET /articles 304 - - 854.229 ms
OPTIONS /auth/csrf-token 204 0 - 3.202 ms
GET /auth/csrf-token 500 21 - 12.415 ms
OPTIONS /auth/login 204 0 - 0.513 ms
POST /auth/login 500 21 - 34.284 ms
POST /auth/login 500 21 - 4.308 ms
OPTIONS /articles 204 0 - 3.458 ms
OPTIONS /user/role/expert 204 0 - 0.627 ms
OPTIONS /user/role/user 204 0 - 0.296 ms
GET /user/role/expert 200 5080 - 260.947 ms
OPTIONS /auth/csrf-token 204 0 - 0.301 ms
GET /auth/csrf-token 200 52 - 4.878 ms
GET /user/role/user 200 38586 - 489.815 ms
GET /articles 304 - - 728.907 ms
GET /user/role/expert 200 5080 - 324.808 ms
GET /auth/csrf-token 200 52 - 4.414 ms
GET /user/role/user 200 38586 - 490.220 ms
GET /articles 304 - - 856.958 ms
GET /user/role/expert 200 5080 - 321.356 ms
GET /auth/csrf-token 200 52 - 3.839 ms
GET /user/role/user 200 38586 - 597.215 ms
GET /articles 304 - - 861.145 ms
GET /auth/csrf-token 200 52 - 1.893 ms
GET /user/role/expert 200 5080 - 286.770 ms
GET /user/role/user 200 38586 - 548.249 ms
GET /articles 200 85080 - 808.640 ms
GET /auth/csrf-token 200 52 - 1.222 ms
GET /user/role/expert 200 5080 - 244.313 ms
GET /articles 304 - - 870.955 ms
GET /user/role/user 200 38586 - 880.253 ms
GET /auth/csrf-token 200 52 - 0.861 ms
GET /user/role/expert 200 5080 - 241.373 ms
GET /user/role/user 200 38586 - 491.263 ms
GET /articles 304 - - 892.386 ms
GET /auth/csrf-token 200 52 - 0.967 ms
GET /auth/csrf-token 200 52 - 4.255 ms
GET /auth/csrf-token 200 52 - 0.614 ms
GET /user/role/expert 200 5080 - 241.512 ms
GET /user/role/user 200 38586 - 466.435 ms
GET /articles 304 - - 914.075 ms
GET /auth/csrf-token 200 52 - 1.688 ms
GET /user/role/expert 200 5080 - 436.122 ms
GET /user/role/user 200 38586 - 630.967 ms
GET /articles 304 - - 880.783 ms
POST /auth/login 500 21 - 119.243 ms
GET /auth/csrf-token 200 52 - 6.148 ms
GET /user/role/expert 200 5080 - 286.400 ms
GET /user/role/user 200 38586 - 545.504 ms
GET /articles 304 - - 865.904 ms
POST /auth/login 500 21 - 32.587 ms
GET /auth/csrf-token 200 52 - 1.995 ms
GET /auth/csrf-token 200 52 - 0.683 ms
GET /auth/csrf-token 200 52 - 0.745 ms
GET /user/role/expert 200 5080 - 386.205 ms
GET /user/role/user 200 38586 - 613.622 ms
GET /articles 304 - - 945.004 ms
POST /auth/login 200 211 - 2109.654 ms
GET /user/email/expert4@gmail.com 200 634 - 928.727 ms
GET /user/role/expert 200 5080 - 246.773 ms
GET /user/role/user 200 38586 - 535.913 ms
GET /articles 304 - - 814.202 ms
POST /utility/contact 500 21 - 12.723 ms
GET /user/role/expert 200 5080 - 246.246 ms
GET /user/role/user 200 38586 - 531.588 ms
GET /articles 304 - - 811.898 ms
POST /utility/contact 500 21 - 13.441 ms
GET /auth/csrf-token 200 52 - 0.881 ms
GET /auth/csrf-token 200 52 - 0.635 ms
GET /auth/csrf-token 200 52 - 0.438 ms
GET /auth/csrf-token 200 52 - 0.466 ms
GET /user/role/expert 200 5080 - 269.429 ms
GET /user/role/user 200 38586 - 479.475 ms
GET /articles 304 - - 817.359 ms
POST /utility/contact 500 21 - 5.814 ms
GET /auth/csrf-token 200 52 - 1.130 ms
GET /auth/csrf-token 200 52 - 0.735 ms
GET /user/role/expert 200 5080 - 244.023 ms
GET /user/role/user 200 38586 - 524.303 ms
GET /articles 304 - - 818.781 ms
POST /auth/login 200 211 - 1999.684 ms
GET /user/email/expert4@gmail.com 200 634 - 968.642 ms
GET /user/role/expert 200 5080 - 240.911 ms
GET /user/role/user 200 38586 - 532.439 ms
GET /articles 304 - - 827.767 ms
GET /auth/csrf-token 200 52 - 1.868 ms
POST /utility/contact 200 16 - 368.314 ms
GET /auth/csrf-token 200 52 - 0.968 ms
GET /user/role/expert 200 5080 - 273.393 ms
GET /user/role/user 200 38586 - 509.658 ms
GET /articles 304 - - 815.939 ms
POST /utility/contact 500 21 - 2.891 ms
GET /auth/csrf-token 200 52 - 0.747 ms
POST /auth/login 200 211 - 1739.599 ms
GET /user/email/expert4@gmail.com 200 634 - 818.901 ms
GET /user/role/expert 200 5080 - 271.573 ms
GET /user/role/user 200 38586 - 555.168 ms
GET /articles 304 - - 856.223 ms
GET /auth/csrf-token 200 52 - 1.804 ms
GET /auth/csrf-token 200 52 - 0.711 ms
GET /auth/csrf-token 200 52 - 0.678 ms
GET /user/role/expert 200 5080 - 956.446 ms
GET /user/role/user 200 38586 - 1409.605 ms
GET /articles 304 - - 1807.503 ms
POST /auth/login 500 21 - 5.156 ms
GET /auth/csrf-token 200 52 - 0.617 ms
POST /auth/login 200 211 - 1066.469 ms
GET /user/email/expert4@gmail.com 200 634 - 928.648 ms
GET /user/role/expert 200 5080 - 238.254 ms
GET /user/role/user 200 38586 - 514.352 ms
GET /articles 304 - - 823.269 ms
GET /auth/csrf-token 200 52 - 0.632 ms
POST /utility/contact 200 16 - 296.577 ms
GET /auth/csrf-token 200 52 - 0.632 ms
GET /user/role/expert 200 5080 - 264.799 ms
GET /user/role/user 200 38586 - 487.572 ms
GET /articles 304 - - 812.677 ms
POST /utility/contact 200 16 - 382.509 ms
GET /auth/csrf-token 200 52 - 0.257 ms
GET /auth/csrf-token 200 52 - 0.439 ms
GET /auth/csrf-token 200 52 - 5.926 ms
POST /auth/login 200 208 - 1468.484 ms
GET /user/email/likith.a21@iiits.in 200 502 - 719.034 ms
GET /user/role/expert 200 5080 - 281.570 ms
GET /user/role/user 200 38586 - 508.101 ms
GET /articles 304 - - 729.077 ms
GET /auth/csrf-token 200 52 - 1.978 ms
POST /utility/contact 200 16 - 257.823 ms
GET /auth/checkEmail/expert5@gmail.com 200 54 - 782.044 ms
GET /auth/checkEmail/expert10@gmail.com 200 51 - 717.256 ms
POST /auth/register 500 21 - 4.481 ms
GET /auth/csrf-token 200 52 - 0.852 ms
GET /auth/csrf-token 200 52 - 0.475 ms
GET /auth/csrf-token 200 52 - 0.598 ms
GET /auth/csrf-token 200 52 - 0.970 ms
GET /auth/checkEmail/expert10@gmail.com 304 - - 836.072 ms
POST /auth/register 201 540 - 1164.680 ms
GET /auth/csrf-token 200 52 - 1.327 ms
POST /auth/login 200 208 - 1830.304 ms
GET /user/email/expert10@gmail.com 200 497 - 789.397 ms
GET /user/role/expert 200 5080 - 246.944 ms
GET /user/role/user 200 39084 - 536.430 ms
GET /articles 304 - - 797.363 ms
GET /auth/csrf-token 200 52 - 1.157 ms
GET /auth/csrf-token 200 52 - 0.661 ms
POST /auth/googleSignIn 200 208 - 267.656 ms
GET /user/email/likithandavarapuiiits@gmail.com 304 - - 775.193 ms
GET /user/role/expert 200 5080 - 241.465 ms
GET /user/role/user 200 39084 - 521.050 ms
GET /articles 304 - - 783.680 ms
GET /auth/csrf-token 200 52 - 0.696 ms
GET /auth/csrf-token 200 52 - 0.998 ms
POST /auth/login 200 210 - 1560.658 ms
GET /user/email/adminmeld@gmail.com 200 572 - 963.202 ms
GET /user/role/expert 200 5080 - 270.212 ms
GET /user/role/user 200 39084 - 483.808 ms
GET /articles 304 - - 798.387 ms
DELETE /auth/65b12a13502eeca7e1bb97f9 500 21 - 16.069 ms
GET /auth/csrf-token 200 52 - 1.930 ms
GET /auth/csrf-token 200 52 - 0.683 ms
GET /user/role/expert 200 5080 - 291.696 ms
GET /user/role/user 200 39084 - 577.126 ms
GET /articles 304 - - 834.919 ms
DELETE /auth/65b12a13502eeca7e1bb97f9 500 21 - 4.312 ms
GET /auth/csrf-token 200 52 - 0.519 ms
GET /auth/csrf-token 500 21 - 11.779 ms
GET /auth/csrf-token 500 21 - 4.987 ms
POST /auth/login 500 21 - 42.368 ms
GET /auth/csrf-token 500 21 - 20.034 ms
GET /auth/csrf-token 500 21 - 10.529 ms
GET /user/role/expert 200 5080 - 297.117 ms
GET /user/role/user 200 39084 - 487.559 ms
GET /articles 304 - - 734.129 ms
POST /auth/login 200 210 - 1624.918 ms
GET /user/email/adminmeld@gmail.com 200 572 - 817.202 ms
GET /user/role/expert 200 5080 - 291.407 ms
GET /user/role/user 200 39084 - 510.604 ms
GET /articles 304 - - 763.830 ms
GET /auth/csrf-token 200 52 - 7.699 ms
GET /auth/csrf-token 200 52 - 3.953 ms
POST /auth/login 200 210 - 1564.567 ms
GET /user/email/adminmeld@gmail.com 200 572 - 724.195 ms
GET /user/role/expert 200 5080 - 324.023 ms
GET /user/role/user 200 39084 - 585.957 ms
GET /articles 304 - - 830.703 ms
GET /auth/csrf-token 200 52 - 0.780 ms
GET /auth/csrf-token 200 52 - 0.931 ms
POST /auth/login 200 210 - 1598.689 ms
GET /user/email/adminmeld@gmail.com 200 572 - 872.253 ms
GET /user/role/expert 200 5080 - 230.235 ms
GET /user/role/user 200 39084 - 495.535 ms
GET /articles 304 - - 743.018 ms
GET /auth/csrf-token 200 52 - 2.208 ms
DELETE /auth/65cf315b3772f33c52d35071 500 21 - 16.192 ms
GET /auth/csrf-token 500 21 - 10.132 ms
GET /auth/csrf-token 500 21 - 9.354 ms
POST /auth/login 500 21 - 28.943 ms
POST /auth/login 500 21 - 21.244 ms
GET /user/role/expert 200 5080 - 293.581 ms
GET /auth/csrf-token 200 52 - 2.637 ms
GET /auth/csrf-token 200 52 - 0.860 ms
GET /user/role/user 200 39084 - 542.721 ms
GET /articles 304 - - 742.114 ms
POST /auth/login 400 32 - 1685.266 ms
GET /auth/csrf-token 200 52 - 5.313 ms
GET /auth/csrf-token 200 52 - 1.551 ms
GET /user/role/expert 200 5080 - 284.457 ms
GET /user/role/user 200 39084 - 472.979 ms
GET /articles 304 - - 833.756 ms
POST /auth/login 200 210 - 1674.595 ms
GET /user/email/adminmeld@gmail.com 200 572 - 820.293 ms
GET /user/role/expert 200 5080 - 264.542 ms
GET /user/role/user 200 39084 - 473.538 ms
GET /articles 304 - - 911.437 ms
GET /auth/csrf-token 200 52 - 1.093 ms
GET /auth/csrf-token 200 52 - 0.918 ms
POST /auth/login 200 210 - 1583.759 ms
GET /user/email/adminmeld@gmail.com 200 572 - 825.816 ms
GET /user/role/expert 200 5080 - 292.005 ms
GET /user/role/user 200 39084 - 464.301 ms
GET /articles 304 - - 836.171 ms
GET /auth/csrf-token 200 52 - 0.473 ms
PUT /auth/65d6677f525883265bd7c90c/updateblocked 500 21 - 5.105 ms
DELETE /auth/65b12a13502eeca7e1bb97f9 500 21 - 19.732 ms
GET /auth/csrf-token 200 52 - 0.709 ms
GET /auth/csrf-token 200 52 - 0.720 ms
GET /auth/csrf-token 200 52 - 0.626 ms
GET /user/role/expert 200 5080 - 245.095 ms
GET /user/role/user 200 39084 - 513.403 ms
GET /articles 304 - - 829.825 ms
DELETE /auth/65b12a13502eeca7e1bb97f9 500 21 - 4.664 ms
GET /auth/csrf-token 200 52 - 0.399 ms
GET /auth/csrf-token 200 52 - 0.910 ms
GET /user/role/expert 200 5080 - 230.836 ms
GET /user/role/user 200 39084 - 523.621 ms
GET /articles 304 - - 865.157 ms
DELETE /auth/65b12a13502eeca7e1bb97f9 500 21 - 13.859 ms
GET /auth/csrf-token 404 154 - 10.002 ms
GET /log/csrf-token 200 52 - 6.472 ms
POST /log/login 200 210 - 1625.200 ms
GET /user/email/adminmeld@gmail.com 200 572 - 842.773 ms
GET /user/role/expert 200 5080 - 241.781 ms
GET /user/role/user 200 39084 - 522.227 ms
GET /articles 304 - - 782.085 ms
GET /auth/csrf-token 404 154 - 2.110 ms
GET /log/csrf-token 200 52 - 1.647 ms
GET /auth/csrf-token 404 154 - 0.928 ms
GET /auth/checkEmail/expert25@gmail.com 200 51 - 858.865 ms
GET /auth/csrf-token 404 154 - 0.626 ms
GET /log/csrf-token 200 52 - 0.631 ms
POST /log/login 200 210 - 1503.042 ms
GET /user/email/adminmeld@gmail.com 200 572 - 772.942 ms
GET /user/role/expert 200 5080 - 253.528 ms
GET /user/role/user 200 39084 - 475.339 ms
GET /articles 304 - - 769.102 ms
DELETE /auth/65b12a13502eeca7e1bb97f9 200 55 - 543.737 ms
GET /user/role/expert 200 4445 - 288.566 ms
GET /user/role/user 200 39084 - 518.037 ms
GET /articles 304 - - 837.669 ms
GET /auth/csrf-token 404 154 - 5.793 ms
GET /log/csrf-token 200 52 - 2.429 ms
POST /log/login 200 208 - 1616.590 ms
GET /user/email/expert10@gmail.com 304 - - 774.247 ms
GET /user/role/expert 200 4445 - 249.034 ms
GET /user/role/user 200 39084 - 562.020 ms
GET /articles 304 - - 848.774 ms
GET /user/65d73c4bb92b9ee149f2730a/bookmarks 200 2 - 265.743 ms
GET /articles/topic/health/page/1 304 - - 523.256 ms
GET /articles/6436c4b5179657911b27ec02 200 2281 - 260.387 ms
GET /articles/comments/6436c4b5179657911b27ec02 200 429 - 522.087 ms
POST /articles/liked/6436c4b5179657911b27ec02 200 16 - 552.596 ms
POST /user/65d73c4bb92b9ee149f2730a/bookmarks/6436c4b5179657911b27ec02 200 41 - 670.132 ms
GET /user/65d73c4bb92b9ee149f2730a/bookmarks 200 2310 - 1857.965 ms
GET /auth/csrf-token 404 154 - 1.466 ms
GET /auth/csrf-token 404 154 - 0.986 ms
POST /queries/filters 200 2615 - 268.182 ms
GET /user/role/expert 200 4445 - 276.722 ms
GET /user/role/user 200 39084 - 663.498 ms
GET /articles 200 85107 - 893.398 ms
GET /user/role/expert 200 4445 - 717.957 ms
GET /user/role/user 200 39084 - 1068.390 ms
GET /articles 304 - - 1163.448 ms
GET /user/role/expert 200 4445 - 292.148 ms
GET /articles - - - - ms
POST /queries/filters - - - - ms
GET /user/role/user - - - - ms
GET /user/role/user - - - - ms
POST /queries/filters - - - - ms
GET /articles - - - - ms
GET /user/role/expert - - - - ms
GET /user/role/expert 200 4445 - 256.809 ms
POST /queries/filters 200 2615 - 245.388 ms
GET /user/role/user 200 39577 - 518.201 ms
GET /articles 200 85107 - 742.406 ms
GET /user/role/expert 200 4445 - 261.686 ms
POST /queries/filters 200 2615 - 261.948 ms
GET /user/role/user 200 39577 - 481.935 ms
GET /articles 304 - - 739.988 ms
GET /user/role/expert 200 4445 - 238.559 ms
POST /queries/filters 200 2615 - 257.311 ms
GET /user/role/user 200 39577 - 508.753 ms
GET /articles 304 - - 731.941 ms
GET /auth/csrf-token 404 154 - 11.510 ms
GET /log/csrf-token 200 52 - 27.975 ms
POST /log/login 500 21 - 67.208 ms
GET /log/csrf-token 200 52 - 0.918 ms
GET /log/csrf-token 200 52 - 0.931 ms
GET /auth/csrf-token 404 154 - 3.065 ms
GET /user/role/expert 200 4445 - 425.687 ms
GET /user/role/user 200 39577 - 773.317 ms
GET /articles 200 85134 - 1128.923 ms
POST /log/login 200 210 - 1969.599 ms
GET /user/email/adminmeld@gmail.com 200 572 - 1955.124 ms
GET /user/role/expert 200 4445 - 378.089 ms
GET /user/role/user 200 39577 - 855.663 ms
GET /articles 304 - - 3972.224 ms
GET /auth/csrf-token 404 154 - 1.618 ms
GET /log/csrf-token 200 52 - 1.596 ms
POST /log/login 200 210 - 1340.111 ms
GET /user/email/adminmeld@gmail.com 200 572 - 845.176 ms
GET /user/role/expert 200 4445 - 314.681 ms
GET /articles 304 - - 3248.195 ms
GET /user/role/user 200 39577 - 3649.207 ms
GET /utility/queries 200 1354 - 337.327 ms
PUT /utility/query/656e9b9140908ff856f148c4 200 16 - 310.173 ms
PUT /utility/query/65d7084d923e44b086fa9313 200 16 - 377.652 ms
PUT /utility/query/65d70866923e44b086fa9315 200 16 - 314.342 ms
PUT /utility/query/65d70866923e44b086fa9315 200 16 - 288.219 ms
PUT /utility/query/65d70871923e44b086fa931a 200 16 - 277.327 ms
PUT /utility/query/65d70871923e44b086fa931a 200 16 - 275.002 ms
PUT /utility/query/65d739a0c9ab3a024923297a 200 16 - 292.248 ms
PUT /utility/query/65d739a0c9ab3a024923297a 200 16 - 289.712 ms
PUT /utility/query/65d73a85c9ab3a0249232994 200 16 - 560.697 ms
PUT /utility/query/65d73a85c9ab3a0249232994 200 16 - 392.373 ms
PUT /utility/query/65d73a85c9ab3a0249232994 200 16 - 394.251 ms
PUT /utility/query/65d73a85c9ab3a0249232994 200 16 - 576.491 ms
PUT /utility/query/65d73a9bc9ab3a0249232999 200 16 - 547.043 ms
PUT /utility/query/65d73a9bc9ab3a0249232999 200 16 - 385.963 ms
PUT /utility/query/65d73a9bc9ab3a0249232999 200 16 - 350.986 ms
PUT /utility/query/65d73a9bc9ab3a0249232999 200 16 - 524.817 ms
PUT /utility/query/65d73b6734346e6ac0d9b76d 200 16 - 409.740 ms
GET /user/6442533699b8a10f240e68fc/bookmarks 200 2083 - 857.697 ms
GET /user/6442533699b8a10f240e68fc/yourwork 200 2 - 369.135 ms
GET /log/csrf-token 200 52 - 4.969 ms
GET /auth/csrf-token 404 154 - 17.417 ms
GET /auth/csrf-token 404 154 - 7.301 ms
GET /log/csrf-token 200 52 - 5.574 ms
GET /user/role/expert 200 4484 - 266.572 ms
GET /user/role/user 200 39577 - 523.251 ms
GET /articles 200 85160 - 723.834 ms
GET /user/role/expert 200 4484 - 265.215 ms
GET /user/role/user 200 39577 - 475.399 ms
GET /articles 304 - - 742.509 ms
GET /log/csrf-token 200 52 - 30.035 ms
GET /log/csrf-token 200 52 - 2.009 ms
GET /log/csrf-token 200 52 - 2.915 ms
GET /log/csrf-token 200 52 - 7.195 ms
GET /auth/csrf-token 404 154 - 5.259 ms
POST /log/register 500 21 - 46.656 ms
GET /auth/checkEmail/user76@gmail.com 200 51 - 791.064 ms
POST /log/register 500 21 - 23.564 ms
GET /log/csrf-token 200 52 - 1.258 ms
GET /user/role/expert 200 4484 - 245.555 ms
GET /user/role/user 200 39577 - 464.330 ms
GET /articles 304 - - 787.432 ms
GET /auth/checkEmail/user10@gmail.com 200 51 - 852.227 ms
POST /log/register 201 538 - 845.522 ms
GET /log/csrf-token 200 52 - 1.314 ms
GET /log/csrf-token 200 52 - 0.683 ms
GET /auth/checkEmail/ 404 155 - 3.246 ms
GET /auth/checkEmail/likithandavarapuu@gmail.com 200 51 - 1270.478 ms
POST /log/register 400 428 - 491.646 ms
POST /log/register 400 428 - 375.628 ms
GET /log/csrf-token 200 52 - 0.716 ms
GET /log/csrf-token 200 52 - 0.341 ms
GET /log/csrf-token 200 52 - 0.632 ms
GET /log/csrf-token 200 52 - 0.443 ms
GET /log/csrf-token 200 52 - 0.536 ms
GET /log/csrf-token 200 52 - 0.335 ms
GET /log/csrf-token 200 52 - 7.329 ms
GET /log/csrf-token 200 52 - 0.378 ms
GET /log/csrf-token 200 52 - 0.397 ms
GET /log/csrf-token 200 52 - 0.408 ms
GET /log/csrf-token 200 52 - 0.527 ms
GET /log/csrf-token 200 52 - 0.813 ms
POST /log/register 400 428 - 367.651 ms
GET /log/register 404 151 - 1.867 ms
GET /log/csrf-token 200 52 - 0.361 ms
GET /log/csrf-token 200 52 - 0.408 ms
GET /log/csrf-token 200 52 - 0.809 ms
GET /log/csrf-token 200 52 - 0.427 ms
GET /user/role/expert 200 4484 - 379.410 ms
GET /user/role/user 200 40073 - 732.852 ms
GET /log/csrf-token 200 52 - 4.571 ms
GET /user/role/expert 200 4484 - 296.982 ms
GET /user/role/user 200 40073 - 530.288 ms
GET /articles 304 - - 789.125 ms
GET /auth/checkEmail/likithandavarapuu@gmail.com 304 - - 745.610 ms
POST /log/register 500 21 - 4.656 ms
GET /log/csrf-token 200 52 - 0.570 ms
GET /log/csrf-token 200 52 - 3.201 ms
GET /user/role/expert 200 4484 - 333.162 ms
GET /user/role/user 200 40073 - 610.223 ms
GET /articles 304 - - 943.848 ms
POST /log/register 201 551 - 1093.955 ms
GET /auth/checkEmail/likithandavarau@gmail.com 200 51 - 1218.680 ms
GET /log/csrf-token 200 52 - 0.716 ms
GET /log/csrf-token 200 52 - 0.587 ms
GET /auth/checkEmail/likithandavarapuuu@gmail.com 200 51 - 765.016 ms
POST /log/register 201 37 - 3837.967 ms
GET /log/csrf-token 200 52 - 0.660 ms
