OPTIONS /articles 204 0 - 3.026 ms
OPTIONS /user/role/expert 204 0 - 0.375 ms
OPTIONS /user/role/user 204 0 - 0.282 ms
GET /user/role/expert 200 4349 - 303.184 ms
GET /user/role/user 200 38595 - 699.053 ms
GET /articles 200 85053 - 2350.760 ms
OPTIONS /auth/login 204 0 - 0.150 ms
POST /auth/login 200 210 - 1208.581 ms
GET /user/email/adminmeld@gmail.com 200 572 - 687.466 ms
OPTIONS /articles 204 0 - 0.491 ms
OPTIONS /user/role/expert 204 0 - 0.309 ms
OPTIONS /user/role/user 204 0 - 0.278 ms
GET /user/role/expert 200 4349 - 365.015 ms
GET /user/role/user 200 38595 - 2368.072 ms
GET /articles 304 - - 3344.528 ms
OPTIONS /utility/queries 204 0 - 0.197 ms
GET /utility/queries 304 - - 242.237 ms
OPTIONS /articles 204 0 - 2.116 ms
OPTIONS /user/role/expert 204 0 - 0.322 ms
OPTIONS /user/role/user 204 0 - 0.284 ms
GET /user/role/user 200 38595 - 2363.583 ms
GET /articles 304 - - 2390.037 ms
GET /user/role/expert 200 4349 - 3217.614 ms
OPTIONS /auth/login 204 0 - 0.262 ms
POST /auth/login 200 210 - 2067.474 ms
GET /user/email/adminmeld@gmail.com 200 572 - 1324.627 ms
OPTIONS /articles 204 0 - 0.328 ms
OPTIONS /user/role/expert 204 0 - 0.201 ms
OPTIONS /user/role/user 204 0 - 0.180 ms
GET /user/role/expert 200 4349 - 409.223 ms
GET /user/role/user 200 38595 - 780.737 ms
GET /articles 304 - - 1161.012 ms
OPTIONS /articles 204 0 - 3.971 ms
OPTIONS /user/role/expert 204 0 - 0.222 ms
OPTIONS /user/role/user 204 0 - 0.254 ms
GET /user/role/expert 200 4349 - 406.680 ms
GET /user/role/user 200 38595 - 1254.120 ms
GET /articles 304 - - 2576.287 ms
OPTIONS /articles 204 0 - 12.627 ms
OPTIONS /user/role/expert 204 0 - 0.296 ms
OPTIONS /user/role/user 204 0 - 0.137 ms
GET /user/role/expert 200 4349 - 387.922 ms
GET /user/role/user 200 38595 - 707.489 ms
GET /articles 304 - - 2229.579 ms
OPTIONS /articles 204 0 - 0.335 ms
OPTIONS /user/role/expert 204 0 - 0.492 ms
OPTIONS /user/role/user 204 0 - 0.218 ms
GET /user/role/expert 200 4349 - 625.193 ms
GET /user/role/user 200 38595 - 1070.110 ms
GET /articles 304 - - 2420.222 ms
OPTIONS /articles 204 0 - 0.176 ms
OPTIONS /user/role/expert 204 0 - 0.430 ms
OPTIONS /user/role/user 204 0 - 0.127 ms
GET /user/role/expert 200 4349 - 287.030 ms
GET /user/role/user 200 38595 - 531.962 ms
GET /articles 304 - - 1248.797 ms
OPTIONS /articles 204 0 - 0.201 ms
OPTIONS /user/role/expert 204 0 - 0.165 ms
OPTIONS /user/role/user 204 0 - 0.141 ms
GET /user/role/expert 200 4349 - 310.977 ms
GET /user/role/user 200 38595 - 737.945 ms
GET /articles 304 - - 1546.979 ms
OPTIONS /articles 204 0 - 0.404 ms
OPTIONS /user/role/expert 204 0 - 0.227 ms
OPTIONS /user/role/user 204 0 - 0.147 ms
GET /user/role/expert 200 4349 - 271.666 ms
GET /user/role/user 200 38595 - 507.277 ms
GET /articles 304 - - 1291.810 ms
OPTIONS /articles 204 0 - 0.197 ms
OPTIONS /user/role/expert 204 0 - 0.184 ms
OPTIONS /user/role/user 204 0 - 0.150 ms
GET /user/role/expert 200 4349 - 424.315 ms
GET /user/role/user 200 38595 - 824.057 ms
GET /articles 304 - - 1489.203 ms
OPTIONS /articles 204 0 - 0.346 ms
OPTIONS /user/role/expert 204 0 - 0.162 ms
OPTIONS /user/role/user 204 0 - 0.164 ms
GET /user/role/expert 200 4349 - 288.165 ms
GET /user/role/user 200 38595 - 531.864 ms
GET /articles 304 - - 1132.882 ms
OPTIONS /articles 204 0 - 0.160 ms
OPTIONS /user/role/expert 204 0 - 2.237 ms
OPTIONS /user/role/user 204 0 - 0.204 ms
GET /user/role/expert 200 4349 - 935.691 ms
GET /user/role/user 200 38595 - 2175.353 ms
GET /articles 304 - - 4568.930 ms
OPTIONS /articles 204 0 - 0.307 ms
OPTIONS /user/role/expert 204 0 - 0.127 ms
OPTIONS /user/role/user 204 0 - 0.117 ms
GET /user/role/expert 200 4349 - 355.532 ms
GET /user/role/user 200 38595 - 1078.835 ms
GET /articles 304 - - 2398.081 ms
OPTIONS /articles 204 0 - 7.395 ms
OPTIONS /user/role/expert 204 0 - 0.166 ms
OPTIONS /user/role/user 204 0 - 0.203 ms
GET /user/role/expert 200 4349 - 415.541 ms
GET /user/role/user 200 38595 - 1207.747 ms
GET /articles 304 - - 2773.330 ms
OPTIONS /articles 204 0 - 0.216 ms
OPTIONS /user/role/expert 204 0 - 0.188 ms
OPTIONS /user/role/user 204 0 - 0.148 ms
GET /user/role/expert 200 4349 - 428.290 ms
GET /user/role/user 200 38595 - 1187.163 ms
GET /articles 304 - - 1556.883 ms
OPTIONS /articles 204 0 - 0.242 ms
OPTIONS /user/role/expert 204 0 - 0.171 ms
OPTIONS /user/role/user 204 0 - 0.135 ms
GET /user/role/expert 200 4349 - 435.454 ms
GET /user/role/user 200 38595 - 1177.364 ms
GET /articles 304 - - 1939.475 ms
OPTIONS /articles 204 0 - 2.779 ms
OPTIONS /user/role/expert 204 0 - 0.139 ms
OPTIONS /user/role/user 204 0 - 0.084 ms
GET /user/role/expert 200 4349 - 2684.582 ms
GET /articles 304 - - 2862.804 ms
GET /user/role/user 200 38586 - 4146.023 ms
OPTIONS /articles 204 0 - 0.263 ms
OPTIONS /user/role/expert 204 0 - 0.146 ms
OPTIONS /user/role/user 204 0 - 0.090 ms
GET /user/role/expert 200 4349 - 331.019 ms
GET /user/role/user 200 38586 - 1663.489 ms
GET /user/role/expert 200 4349 - 547.362 ms
GET /articles 304 - - 2006.777 ms
GET /user/role/user 200 38586 - 637.633 ms
GET /articles 304 - - 705.821 ms
OPTIONS /utility/queries 204 0 - 0.171 ms
GET /utility/queries 200 165 - 436.828 ms
GET /user/role/expert 200 4349 - 250.677 ms
GET /user/role/user 200 38586 - 482.453 ms
GET /articles 304 - - 850.685 ms
OPTIONS /auth/login 204 0 - 0.320 ms
POST /auth/login 400 32 - 1185.119 ms
POST /auth/login 400 32 - 1157.172 ms
